26-Jul-2016 21:58:46.848 INFO [main] org.apache.catalina.startup.VersionLoggerListener.log Server version:        Apache Tomcat/8.0.35
26-Jul-2016 21:58:46.850 INFO [main] org.apache.catalina.startup.VersionLoggerListener.log Server built:          May 11 2016 21:57:08 UTC
26-Jul-2016 21:58:46.850 INFO [main] org.apache.catalina.startup.VersionLoggerListener.log Server number:         8.0.35.0
26-Jul-2016 21:58:46.850 INFO [main] org.apache.catalina.startup.VersionLoggerListener.log OS Name:               Windows 8.1
26-Jul-2016 21:58:46.850 INFO [main] org.apache.catalina.startup.VersionLoggerListener.log OS Version:            6.3
26-Jul-2016 21:58:46.851 INFO [main] org.apache.catalina.startup.VersionLoggerListener.log Architecture:          amd64
26-Jul-2016 21:58:46.851 INFO [main] org.apache.catalina.startup.VersionLoggerListener.log Java Home:             C:\Program Files\Java\jdk1.8.0_65\jre
26-Jul-2016 21:58:46.851 INFO [main] org.apache.catalina.startup.VersionLoggerListener.log JVM Version:           1.8.0_65-b17
26-Jul-2016 21:58:46.851 INFO [main] org.apache.catalina.startup.VersionLoggerListener.log JVM Vendor:            Oracle Corporation
26-Jul-2016 21:58:46.852 INFO [main] org.apache.catalina.startup.VersionLoggerListener.log CATALINA_BASE:         D:\tomcat\apache-tomcat-8.0.35
26-Jul-2016 21:58:46.852 INFO [main] org.apache.catalina.startup.VersionLoggerListener.log CATALINA_HOME:         D:\tomcat\apache-tomcat-8.0.35
26-Jul-2016 21:58:46.852 INFO [main] org.apache.catalina.startup.VersionLoggerListener.log Command line argument: -Djdk.tls.ephemeralDHKeySize=2048
26-Jul-2016 21:58:46.853 INFO [main] org.apache.catalina.startup.VersionLoggerListener.log Command line argument: -Djava.util.logging.config.file=D:\tomcat\apache-tomcat-8.0.35\conf\logging.properties
26-Jul-2016 21:58:46.853 INFO [main] org.apache.catalina.startup.VersionLoggerListener.log Command line argument: -Djava.util.logging.manager=org.apache.juli.ClassLoaderLogManager
26-Jul-2016 21:58:46.855 INFO [main] org.apache.catalina.startup.VersionLoggerListener.log Command line argument: -Djava.endorsed.dirs=D:\tomcat\apache-tomcat-8.0.35\endorsed
26-Jul-2016 21:58:46.855 INFO [main] org.apache.catalina.startup.VersionLoggerListener.log Command line argument: -Dcatalina.base=D:\tomcat\apache-tomcat-8.0.35
26-Jul-2016 21:58:46.856 INFO [main] org.apache.catalina.startup.VersionLoggerListener.log Command line argument: -Dcatalina.home=D:\tomcat\apache-tomcat-8.0.35
26-Jul-2016 21:58:46.857 INFO [main] org.apache.catalina.startup.VersionLoggerListener.log Command line argument: -Djava.io.tmpdir=D:\tomcat\apache-tomcat-8.0.35\temp
26-Jul-2016 21:58:46.857 INFO [main] org.apache.catalina.core.AprLifecycleListener.lifecycleEvent Loaded APR based Apache Tomcat Native library 1.2.7 using APR version 1.5.2.
26-Jul-2016 21:58:46.858 INFO [main] org.apache.catalina.core.AprLifecycleListener.lifecycleEvent APR capabilities: IPv6 [true], sendfile [true], accept filters [false], random [true].
26-Jul-2016 21:58:47.594 INFO [main] org.apache.catalina.core.AprLifecycleListener.initializeSSL OpenSSL successfully initialized (OpenSSL 1.0.2h  3 May 2016)
26-Jul-2016 21:58:47.877 INFO [main] org.apache.coyote.AbstractProtocol.init Initializing ProtocolHandler ["http-apr-8080"]
26-Jul-2016 21:58:47.892 INFO [main] org.apache.coyote.AbstractProtocol.init Initializing ProtocolHandler ["ajp-apr-8009"]
26-Jul-2016 21:58:47.896 INFO [main] org.apache.catalina.startup.Catalina.load Initialization processed in 1623 ms
26-Jul-2016 21:58:47.951 INFO [main] org.apache.catalina.core.StandardService.startInternal Starting service Catalina
26-Jul-2016 21:58:47.952 INFO [main] org.apache.catalina.core.StandardEngine.startInternal Starting Servlet Engine: Apache Tomcat/8.0.35
26-Jul-2016 21:58:47.968 INFO [localhost-startStop-1] org.apache.catalina.startup.HostConfig.deployDirectory Deploying web application directory D:\tomcat\apache-tomcat-8.0.35\webapps\ADNursingServer
26-Jul-2016 21:58:48.864 INFO [localhost-startStop-1] org.apache.jasper.servlet.TldScanner.scanJars At least one JAR was scanned for TLDs yet contained no TLDs. Enable debug logging for this logger for a complete list of JARs that were scanned but no TLDs were found in them. Skipping unneeded JARs during scanning can improve startup time and JSP compilation time.
26-Jul-2016 21:58:49.464 INFO [localhost-startStop-1] org.apache.catalina.util.SessionIdGeneratorBase.createSecureRandom Creation of SecureRandom instance for session ID generation using [SHA1PRNG] took [548] milliseconds.
26-Jul-2016 21:58:49.580 INFO [localhost-startStop-1] org.apache.catalina.startup.HostConfig.deployDirectory Deployment of web application directory D:\tomcat\apache-tomcat-8.0.35\webapps\ADNursingServer has finished in 1,612 ms
26-Jul-2016 21:58:49.581 INFO [localhost-startStop-1] org.apache.catalina.startup.HostConfig.deployDirectory Deploying web application directory D:\tomcat\apache-tomcat-8.0.35\webapps\docs
26-Jul-2016 21:58:49.605 INFO [localhost-startStop-1] org.apache.catalina.startup.HostConfig.deployDirectory Deployment of web application directory D:\tomcat\apache-tomcat-8.0.35\webapps\docs has finished in 24 ms
26-Jul-2016 21:58:49.606 INFO [localhost-startStop-1] org.apache.catalina.startup.HostConfig.deployDirectory Deploying web application directory D:\tomcat\apache-tomcat-8.0.35\webapps\examples
26-Jul-2016 21:58:49.944 INFO [localhost-startStop-1] org.apache.catalina.startup.HostConfig.deployDirectory Deployment of web application directory D:\tomcat\apache-tomcat-8.0.35\webapps\examples has finished in 338 ms
26-Jul-2016 21:58:49.945 INFO [localhost-startStop-1] org.apache.catalina.startup.HostConfig.deployDirectory Deploying web application directory D:\tomcat\apache-tomcat-8.0.35\webapps\host-manager
26-Jul-2016 21:58:50.001 INFO [localhost-startStop-1] org.apache.catalina.startup.HostConfig.deployDirectory Deployment of web application directory D:\tomcat\apache-tomcat-8.0.35\webapps\host-manager has finished in 56 ms
26-Jul-2016 21:58:50.003 INFO [localhost-startStop-1] org.apache.catalina.startup.HostConfig.deployDirectory Deploying web application directory D:\tomcat\apache-tomcat-8.0.35\webapps\manager
26-Jul-2016 21:58:50.037 INFO [localhost-startStop-1] org.apache.catalina.startup.HostConfig.deployDirectory Deployment of web application directory D:\tomcat\apache-tomcat-8.0.35\webapps\manager has finished in 35 ms
26-Jul-2016 21:58:50.038 INFO [localhost-startStop-1] org.apache.catalina.startup.HostConfig.deployDirectory Deploying web application directory D:\tomcat\apache-tomcat-8.0.35\webapps\ROOT
26-Jul-2016 21:58:50.061 INFO [localhost-startStop-1] org.apache.catalina.startup.HostConfig.deployDirectory Deployment of web application directory D:\tomcat\apache-tomcat-8.0.35\webapps\ROOT has finished in 23 ms
26-Jul-2016 21:58:50.070 INFO [main] org.apache.coyote.AbstractProtocol.start Starting ProtocolHandler ["http-apr-8080"]
26-Jul-2016 21:58:50.086 INFO [main] org.apache.coyote.AbstractProtocol.start Starting ProtocolHandler ["ajp-apr-8009"]
26-Jul-2016 21:58:50.093 INFO [main] org.apache.catalina.startup.Catalina.start Server startup in 2196 ms
