15-Jul-2016 08:44:22.385 INFO [main] org.apache.catalina.startup.VersionLoggerListener.log Server version:        Apache Tomcat/8.0.35
15-Jul-2016 08:44:22.387 INFO [main] org.apache.catalina.startup.VersionLoggerListener.log Server built:          May 11 2016 21:57:08 UTC
15-Jul-2016 08:44:22.387 INFO [main] org.apache.catalina.startup.VersionLoggerListener.log Server number:         8.0.35.0
15-Jul-2016 08:44:22.387 INFO [main] org.apache.catalina.startup.VersionLoggerListener.log OS Name:               Windows 8.1
15-Jul-2016 08:44:22.388 INFO [main] org.apache.catalina.startup.VersionLoggerListener.log OS Version:            6.3
15-Jul-2016 08:44:22.388 INFO [main] org.apache.catalina.startup.VersionLoggerListener.log Architecture:          amd64
15-Jul-2016 08:44:22.388 INFO [main] org.apache.catalina.startup.VersionLoggerListener.log Java Home:             C:\Program Files\Java\jdk1.8.0_65\jre
15-Jul-2016 08:44:22.389 INFO [main] org.apache.catalina.startup.VersionLoggerListener.log JVM Version:           1.8.0_65-b17
15-Jul-2016 08:44:22.389 INFO [main] org.apache.catalina.startup.VersionLoggerListener.log JVM Vendor:            Oracle Corporation
15-Jul-2016 08:44:22.389 INFO [main] org.apache.catalina.startup.VersionLoggerListener.log CATALINA_BASE:         D:\tomcat\apache-tomcat-8.0.35
15-Jul-2016 08:44:22.389 INFO [main] org.apache.catalina.startup.VersionLoggerListener.log CATALINA_HOME:         D:\tomcat\apache-tomcat-8.0.35
15-Jul-2016 08:44:22.390 INFO [main] org.apache.catalina.startup.VersionLoggerListener.log Command line argument: -Djdk.tls.ephemeralDHKeySize=2048
15-Jul-2016 08:44:22.391 INFO [main] org.apache.catalina.startup.VersionLoggerListener.log Command line argument: -Djava.util.logging.config.file=D:\tomcat\apache-tomcat-8.0.35\conf\logging.properties
15-Jul-2016 08:44:22.392 INFO [main] org.apache.catalina.startup.VersionLoggerListener.log Command line argument: -Djava.util.logging.manager=org.apache.juli.ClassLoaderLogManager
15-Jul-2016 08:44:22.393 INFO [main] org.apache.catalina.startup.VersionLoggerListener.log Command line argument: -Djava.endorsed.dirs=D:\tomcat\apache-tomcat-8.0.35\endorsed
15-Jul-2016 08:44:22.394 INFO [main] org.apache.catalina.startup.VersionLoggerListener.log Command line argument: -Dcatalina.base=D:\tomcat\apache-tomcat-8.0.35
15-Jul-2016 08:44:22.394 INFO [main] org.apache.catalina.startup.VersionLoggerListener.log Command line argument: -Dcatalina.home=D:\tomcat\apache-tomcat-8.0.35
15-Jul-2016 08:44:22.395 INFO [main] org.apache.catalina.startup.VersionLoggerListener.log Command line argument: -Djava.io.tmpdir=D:\tomcat\apache-tomcat-8.0.35\temp
15-Jul-2016 08:44:22.396 INFO [main] org.apache.catalina.core.AprLifecycleListener.lifecycleEvent Loaded APR based Apache Tomcat Native library 1.2.7 using APR version 1.5.2.
15-Jul-2016 08:44:22.397 INFO [main] org.apache.catalina.core.AprLifecycleListener.lifecycleEvent APR capabilities: IPv6 [true], sendfile [true], accept filters [false], random [true].
15-Jul-2016 08:44:23.126 INFO [main] org.apache.catalina.core.AprLifecycleListener.initializeSSL OpenSSL successfully initialized (OpenSSL 1.0.2h  3 May 2016)
15-Jul-2016 08:44:23.313 INFO [main] org.apache.coyote.AbstractProtocol.init Initializing ProtocolHandler ["http-apr-8080"]
15-Jul-2016 08:44:23.328 INFO [main] org.apache.coyote.AbstractProtocol.init Initializing ProtocolHandler ["ajp-apr-8009"]
15-Jul-2016 08:44:23.331 INFO [main] org.apache.catalina.startup.Catalina.load Initialization processed in 1522 ms
15-Jul-2016 08:44:23.383 INFO [main] org.apache.catalina.core.StandardService.startInternal Starting service Catalina
15-Jul-2016 08:44:23.384 INFO [main] org.apache.catalina.core.StandardEngine.startInternal Starting Servlet Engine: Apache Tomcat/8.0.35
15-Jul-2016 08:44:23.401 INFO [localhost-startStop-1] org.apache.catalina.startup.HostConfig.deployDirectory Deploying web application directory D:\tomcat\apache-tomcat-8.0.35\webapps\ADNursingServer
15-Jul-2016 08:44:24.257 INFO [localhost-startStop-1] org.apache.jasper.servlet.TldScanner.scanJars At least one JAR was scanned for TLDs yet contained no TLDs. Enable debug logging for this logger for a complete list of JARs that were scanned but no TLDs were found in them. Skipping unneeded JARs during scanning can improve startup time and JSP compilation time.
15-Jul-2016 08:44:24.798 INFO [localhost-startStop-1] org.apache.catalina.util.SessionIdGeneratorBase.createSecureRandom Creation of SecureRandom instance for session ID generation using [SHA1PRNG] took [487] milliseconds.
15-Jul-2016 08:44:24.819 INFO [localhost-startStop-1] org.apache.catalina.startup.HostConfig.deployDirectory Deployment of web application directory D:\tomcat\apache-tomcat-8.0.35\webapps\ADNursingServer has finished in 1,418 ms
15-Jul-2016 08:44:24.820 INFO [localhost-startStop-1] org.apache.catalina.startup.HostConfig.deployDirectory Deploying web application directory D:\tomcat\apache-tomcat-8.0.35\webapps\docs
15-Jul-2016 08:44:24.843 INFO [localhost-startStop-1] org.apache.catalina.startup.HostConfig.deployDirectory Deployment of web application directory D:\tomcat\apache-tomcat-8.0.35\webapps\docs has finished in 24 ms
15-Jul-2016 08:44:24.844 INFO [localhost-startStop-1] org.apache.catalina.startup.HostConfig.deployDirectory Deploying web application directory D:\tomcat\apache-tomcat-8.0.35\webapps\examples
15-Jul-2016 08:44:25.165 INFO [localhost-startStop-1] org.apache.catalina.startup.HostConfig.deployDirectory Deployment of web application directory D:\tomcat\apache-tomcat-8.0.35\webapps\examples has finished in 321 ms
15-Jul-2016 08:44:25.166 INFO [localhost-startStop-1] org.apache.catalina.startup.HostConfig.deployDirectory Deploying web application directory D:\tomcat\apache-tomcat-8.0.35\webapps\host-manager
15-Jul-2016 08:44:25.207 INFO [localhost-startStop-1] org.apache.catalina.startup.HostConfig.deployDirectory Deployment of web application directory D:\tomcat\apache-tomcat-8.0.35\webapps\host-manager has finished in 41 ms
15-Jul-2016 08:44:25.208 INFO [localhost-startStop-1] org.apache.catalina.startup.HostConfig.deployDirectory Deploying web application directory D:\tomcat\apache-tomcat-8.0.35\webapps\manager
15-Jul-2016 08:44:25.261 INFO [localhost-startStop-1] org.apache.catalina.startup.HostConfig.deployDirectory Deployment of web application directory D:\tomcat\apache-tomcat-8.0.35\webapps\manager has finished in 54 ms
15-Jul-2016 08:44:25.262 INFO [localhost-startStop-1] org.apache.catalina.startup.HostConfig.deployDirectory Deploying web application directory D:\tomcat\apache-tomcat-8.0.35\webapps\ROOT
15-Jul-2016 08:44:25.283 INFO [localhost-startStop-1] org.apache.catalina.startup.HostConfig.deployDirectory Deployment of web application directory D:\tomcat\apache-tomcat-8.0.35\webapps\ROOT has finished in 21 ms
15-Jul-2016 08:44:25.290 INFO [main] org.apache.coyote.AbstractProtocol.start Starting ProtocolHandler ["http-apr-8080"]
15-Jul-2016 08:44:25.305 INFO [main] org.apache.coyote.AbstractProtocol.start Starting ProtocolHandler ["ajp-apr-8009"]
15-Jul-2016 08:44:25.311 INFO [main] org.apache.catalina.startup.Catalina.start Server startup in 1978 ms
15-Jul-2016 11:49:06.477 INFO [main] org.apache.catalina.startup.VersionLoggerListener.log Server version:        Apache Tomcat/8.0.35
15-Jul-2016 11:49:06.479 INFO [main] org.apache.catalina.startup.VersionLoggerListener.log Server built:          May 11 2016 21:57:08 UTC
15-Jul-2016 11:49:06.479 INFO [main] org.apache.catalina.startup.VersionLoggerListener.log Server number:         8.0.35.0
15-Jul-2016 11:49:06.480 INFO [main] org.apache.catalina.startup.VersionLoggerListener.log OS Name:               Windows 8.1
15-Jul-2016 11:49:06.480 INFO [main] org.apache.catalina.startup.VersionLoggerListener.log OS Version:            6.3
15-Jul-2016 11:49:06.480 INFO [main] org.apache.catalina.startup.VersionLoggerListener.log Architecture:          amd64
15-Jul-2016 11:49:06.481 INFO [main] org.apache.catalina.startup.VersionLoggerListener.log Java Home:             C:\Program Files\Java\jdk1.8.0_65\jre
15-Jul-2016 11:49:06.481 INFO [main] org.apache.catalina.startup.VersionLoggerListener.log JVM Version:           1.8.0_65-b17
15-Jul-2016 11:49:06.481 INFO [main] org.apache.catalina.startup.VersionLoggerListener.log JVM Vendor:            Oracle Corporation
15-Jul-2016 11:49:06.481 INFO [main] org.apache.catalina.startup.VersionLoggerListener.log CATALINA_BASE:         D:\tomcat\apache-tomcat-8.0.35
15-Jul-2016 11:49:06.482 INFO [main] org.apache.catalina.startup.VersionLoggerListener.log CATALINA_HOME:         D:\tomcat\apache-tomcat-8.0.35
15-Jul-2016 11:49:06.482 INFO [main] org.apache.catalina.startup.VersionLoggerListener.log Command line argument: -Djdk.tls.ephemeralDHKeySize=2048
15-Jul-2016 11:49:06.483 INFO [main] org.apache.catalina.startup.VersionLoggerListener.log Command line argument: -Djava.util.logging.config.file=D:\tomcat\apache-tomcat-8.0.35\conf\logging.properties
15-Jul-2016 11:49:06.484 INFO [main] org.apache.catalina.startup.VersionLoggerListener.log Command line argument: -Djava.util.logging.manager=org.apache.juli.ClassLoaderLogManager
15-Jul-2016 11:49:06.485 INFO [main] org.apache.catalina.startup.VersionLoggerListener.log Command line argument: -Djava.endorsed.dirs=D:\tomcat\apache-tomcat-8.0.35\endorsed
15-Jul-2016 11:49:06.486 INFO [main] org.apache.catalina.startup.VersionLoggerListener.log Command line argument: -Dcatalina.base=D:\tomcat\apache-tomcat-8.0.35
15-Jul-2016 11:49:06.486 INFO [main] org.apache.catalina.startup.VersionLoggerListener.log Command line argument: -Dcatalina.home=D:\tomcat\apache-tomcat-8.0.35
15-Jul-2016 11:49:06.487 INFO [main] org.apache.catalina.startup.VersionLoggerListener.log Command line argument: -Djava.io.tmpdir=D:\tomcat\apache-tomcat-8.0.35\temp
15-Jul-2016 11:49:06.488 INFO [main] org.apache.catalina.core.AprLifecycleListener.lifecycleEvent Loaded APR based Apache Tomcat Native library 1.2.7 using APR version 1.5.2.
15-Jul-2016 11:49:06.488 INFO [main] org.apache.catalina.core.AprLifecycleListener.lifecycleEvent APR capabilities: IPv6 [true], sendfile [true], accept filters [false], random [true].
15-Jul-2016 11:49:07.237 INFO [main] org.apache.catalina.core.AprLifecycleListener.initializeSSL OpenSSL successfully initialized (OpenSSL 1.0.2h  3 May 2016)
15-Jul-2016 11:49:07.404 INFO [main] org.apache.coyote.AbstractProtocol.init Initializing ProtocolHandler ["http-apr-8080"]
15-Jul-2016 11:49:07.418 INFO [main] org.apache.coyote.AbstractProtocol.init Initializing ProtocolHandler ["ajp-apr-8009"]
15-Jul-2016 11:49:07.420 INFO [main] org.apache.catalina.startup.Catalina.load Initialization processed in 1528 ms
15-Jul-2016 11:49:07.461 INFO [main] org.apache.catalina.core.StandardService.startInternal Starting service Catalina
15-Jul-2016 11:49:07.462 INFO [main] org.apache.catalina.core.StandardEngine.startInternal Starting Servlet Engine: Apache Tomcat/8.0.35
15-Jul-2016 11:49:07.478 INFO [localhost-startStop-1] org.apache.catalina.startup.HostConfig.deployDirectory Deploying web application directory D:\tomcat\apache-tomcat-8.0.35\webapps\ADNursingServer
15-Jul-2016 11:49:08.403 INFO [localhost-startStop-1] org.apache.jasper.servlet.TldScanner.scanJars At least one JAR was scanned for TLDs yet contained no TLDs. Enable debug logging for this logger for a complete list of JARs that were scanned but no TLDs were found in them. Skipping unneeded JARs during scanning can improve startup time and JSP compilation time.
15-Jul-2016 11:49:08.953 INFO [localhost-startStop-1] org.apache.catalina.util.SessionIdGeneratorBase.createSecureRandom Creation of SecureRandom instance for session ID generation using [SHA1PRNG] took [488] milliseconds.
15-Jul-2016 11:49:08.973 INFO [localhost-startStop-1] org.apache.catalina.startup.HostConfig.deployDirectory Deployment of web application directory D:\tomcat\apache-tomcat-8.0.35\webapps\ADNursingServer has finished in 1,495 ms
15-Jul-2016 11:49:08.974 INFO [localhost-startStop-1] org.apache.catalina.startup.HostConfig.deployDirectory Deploying web application directory D:\tomcat\apache-tomcat-8.0.35\webapps\docs
15-Jul-2016 11:49:08.998 INFO [localhost-startStop-1] org.apache.catalina.startup.HostConfig.deployDirectory Deployment of web application directory D:\tomcat\apache-tomcat-8.0.35\webapps\docs has finished in 24 ms
15-Jul-2016 11:49:08.999 INFO [localhost-startStop-1] org.apache.catalina.startup.HostConfig.deployDirectory Deploying web application directory D:\tomcat\apache-tomcat-8.0.35\webapps\examples
15-Jul-2016 11:49:09.344 INFO [localhost-startStop-1] org.apache.catalina.startup.HostConfig.deployDirectory Deployment of web application directory D:\tomcat\apache-tomcat-8.0.35\webapps\examples has finished in 345 ms
15-Jul-2016 11:49:09.346 INFO [localhost-startStop-1] org.apache.catalina.startup.HostConfig.deployDirectory Deploying web application directory D:\tomcat\apache-tomcat-8.0.35\webapps\host-manager
15-Jul-2016 11:49:09.408 INFO [localhost-startStop-1] org.apache.catalina.startup.HostConfig.deployDirectory Deployment of web application directory D:\tomcat\apache-tomcat-8.0.35\webapps\host-manager has finished in 62 ms
15-Jul-2016 11:49:09.409 INFO [localhost-startStop-1] org.apache.catalina.startup.HostConfig.deployDirectory Deploying web application directory D:\tomcat\apache-tomcat-8.0.35\webapps\manager
15-Jul-2016 11:49:09.445 INFO [localhost-startStop-1] org.apache.catalina.startup.HostConfig.deployDirectory Deployment of web application directory D:\tomcat\apache-tomcat-8.0.35\webapps\manager has finished in 36 ms
15-Jul-2016 11:49:09.446 INFO [localhost-startStop-1] org.apache.catalina.startup.HostConfig.deployDirectory Deploying web application directory D:\tomcat\apache-tomcat-8.0.35\webapps\ROOT
15-Jul-2016 11:49:09.473 INFO [localhost-startStop-1] org.apache.catalina.startup.HostConfig.deployDirectory Deployment of web application directory D:\tomcat\apache-tomcat-8.0.35\webapps\ROOT has finished in 27 ms
15-Jul-2016 11:49:09.479 INFO [main] org.apache.coyote.AbstractProtocol.start Starting ProtocolHandler ["http-apr-8080"]
15-Jul-2016 11:49:09.495 INFO [main] org.apache.coyote.AbstractProtocol.start Starting ProtocolHandler ["ajp-apr-8009"]
15-Jul-2016 11:49:09.503 INFO [main] org.apache.catalina.startup.Catalina.start Server startup in 2082 ms
15-Jul-2016 13:48:50.056 INFO [main] org.apache.catalina.startup.VersionLoggerListener.log Server version:        Apache Tomcat/8.0.35
15-Jul-2016 13:48:50.064 INFO [main] org.apache.catalina.startup.VersionLoggerListener.log Server built:          May 11 2016 21:57:08 UTC
15-Jul-2016 13:48:50.064 INFO [main] org.apache.catalina.startup.VersionLoggerListener.log Server number:         8.0.35.0
15-Jul-2016 13:48:50.065 INFO [main] org.apache.catalina.startup.VersionLoggerListener.log OS Name:               Windows 8.1
15-Jul-2016 13:48:50.065 INFO [main] org.apache.catalina.startup.VersionLoggerListener.log OS Version:            6.3
15-Jul-2016 13:48:50.066 INFO [main] org.apache.catalina.startup.VersionLoggerListener.log Architecture:          amd64
15-Jul-2016 13:48:50.066 INFO [main] org.apache.catalina.startup.VersionLoggerListener.log Java Home:             C:\Program Files\Java\jdk1.8.0_65\jre
15-Jul-2016 13:48:50.067 INFO [main] org.apache.catalina.startup.VersionLoggerListener.log JVM Version:           1.8.0_65-b17
15-Jul-2016 13:48:50.067 INFO [main] org.apache.catalina.startup.VersionLoggerListener.log JVM Vendor:            Oracle Corporation
15-Jul-2016 13:48:50.067 INFO [main] org.apache.catalina.startup.VersionLoggerListener.log CATALINA_BASE:         D:\tomcat\apache-tomcat-8.0.35
15-Jul-2016 13:48:50.068 INFO [main] org.apache.catalina.startup.VersionLoggerListener.log CATALINA_HOME:         D:\tomcat\apache-tomcat-8.0.35
15-Jul-2016 13:48:50.068 INFO [main] org.apache.catalina.startup.VersionLoggerListener.log Command line argument: -Djdk.tls.ephemeralDHKeySize=2048
15-Jul-2016 13:48:50.069 INFO [main] org.apache.catalina.startup.VersionLoggerListener.log Command line argument: -Djava.util.logging.config.file=D:\tomcat\apache-tomcat-8.0.35\conf\logging.properties
15-Jul-2016 13:48:50.070 INFO [main] org.apache.catalina.startup.VersionLoggerListener.log Command line argument: -Djava.util.logging.manager=org.apache.juli.ClassLoaderLogManager
15-Jul-2016 13:48:50.072 INFO [main] org.apache.catalina.startup.VersionLoggerListener.log Command line argument: -Djava.endorsed.dirs=D:\tomcat\apache-tomcat-8.0.35\endorsed
15-Jul-2016 13:48:50.073 INFO [main] org.apache.catalina.startup.VersionLoggerListener.log Command line argument: -Dcatalina.base=D:\tomcat\apache-tomcat-8.0.35
15-Jul-2016 13:48:50.074 INFO [main] org.apache.catalina.startup.VersionLoggerListener.log Command line argument: -Dcatalina.home=D:\tomcat\apache-tomcat-8.0.35
15-Jul-2016 13:48:50.075 INFO [main] org.apache.catalina.startup.VersionLoggerListener.log Command line argument: -Djava.io.tmpdir=D:\tomcat\apache-tomcat-8.0.35\temp
15-Jul-2016 13:48:50.076 INFO [main] org.apache.catalina.core.AprLifecycleListener.lifecycleEvent Loaded APR based Apache Tomcat Native library 1.2.7 using APR version 1.5.2.
15-Jul-2016 13:48:50.077 INFO [main] org.apache.catalina.core.AprLifecycleListener.lifecycleEvent APR capabilities: IPv6 [true], sendfile [true], accept filters [false], random [true].
15-Jul-2016 13:48:50.869 INFO [main] org.apache.catalina.core.AprLifecycleListener.initializeSSL OpenSSL successfully initialized (OpenSSL 1.0.2h  3 May 2016)
15-Jul-2016 13:48:51.034 INFO [main] org.apache.coyote.AbstractProtocol.init Initializing ProtocolHandler ["http-apr-8080"]
15-Jul-2016 13:48:51.047 INFO [main] org.apache.coyote.AbstractProtocol.init Initializing ProtocolHandler ["ajp-apr-8009"]
15-Jul-2016 13:48:51.049 INFO [main] org.apache.catalina.startup.Catalina.load Initialization processed in 1577 ms
15-Jul-2016 13:48:51.093 INFO [main] org.apache.catalina.core.StandardService.startInternal Starting service Catalina
15-Jul-2016 13:48:51.094 INFO [main] org.apache.catalina.core.StandardEngine.startInternal Starting Servlet Engine: Apache Tomcat/8.0.35
15-Jul-2016 13:48:51.109 INFO [localhost-startStop-1] org.apache.catalina.startup.HostConfig.deployDirectory Deploying web application directory D:\tomcat\apache-tomcat-8.0.35\webapps\ADNursingServer
15-Jul-2016 13:48:52.035 INFO [localhost-startStop-1] org.apache.jasper.servlet.TldScanner.scanJars At least one JAR was scanned for TLDs yet contained no TLDs. Enable debug logging for this logger for a complete list of JARs that were scanned but no TLDs were found in them. Skipping unneeded JARs during scanning can improve startup time and JSP compilation time.
15-Jul-2016 13:48:52.581 INFO [localhost-startStop-1] org.apache.catalina.util.SessionIdGeneratorBase.createSecureRandom Creation of SecureRandom instance for session ID generation using [SHA1PRNG] took [491] milliseconds.
15-Jul-2016 13:48:52.601 INFO [localhost-startStop-1] org.apache.catalina.startup.HostConfig.deployDirectory Deployment of web application directory D:\tomcat\apache-tomcat-8.0.35\webapps\ADNursingServer has finished in 1,492 ms
15-Jul-2016 13:48:52.602 INFO [localhost-startStop-1] org.apache.catalina.startup.HostConfig.deployDirectory Deploying web application directory D:\tomcat\apache-tomcat-8.0.35\webapps\docs
15-Jul-2016 13:48:52.628 INFO [localhost-startStop-1] org.apache.catalina.startup.HostConfig.deployDirectory Deployment of web application directory D:\tomcat\apache-tomcat-8.0.35\webapps\docs has finished in 25 ms
15-Jul-2016 13:48:52.629 INFO [localhost-startStop-1] org.apache.catalina.startup.HostConfig.deployDirectory Deploying web application directory D:\tomcat\apache-tomcat-8.0.35\webapps\examples
15-Jul-2016 13:48:52.982 INFO [localhost-startStop-1] org.apache.catalina.startup.HostConfig.deployDirectory Deployment of web application directory D:\tomcat\apache-tomcat-8.0.35\webapps\examples has finished in 354 ms
15-Jul-2016 13:48:52.983 INFO [localhost-startStop-1] org.apache.catalina.startup.HostConfig.deployDirectory Deploying web application directory D:\tomcat\apache-tomcat-8.0.35\webapps\host-manager
15-Jul-2016 13:48:53.034 INFO [localhost-startStop-1] org.apache.catalina.startup.HostConfig.deployDirectory Deployment of web application directory D:\tomcat\apache-tomcat-8.0.35\webapps\host-manager has finished in 51 ms
15-Jul-2016 13:48:53.035 INFO [localhost-startStop-1] org.apache.catalina.startup.HostConfig.deployDirectory Deploying web application directory D:\tomcat\apache-tomcat-8.0.35\webapps\manager
15-Jul-2016 13:48:53.070 INFO [localhost-startStop-1] org.apache.catalina.startup.HostConfig.deployDirectory Deployment of web application directory D:\tomcat\apache-tomcat-8.0.35\webapps\manager has finished in 35 ms
15-Jul-2016 13:48:53.072 INFO [localhost-startStop-1] org.apache.catalina.startup.HostConfig.deployDirectory Deploying web application directory D:\tomcat\apache-tomcat-8.0.35\webapps\ROOT
15-Jul-2016 13:48:53.103 INFO [localhost-startStop-1] org.apache.catalina.startup.HostConfig.deployDirectory Deployment of web application directory D:\tomcat\apache-tomcat-8.0.35\webapps\ROOT has finished in 31 ms
15-Jul-2016 13:48:53.109 INFO [main] org.apache.coyote.AbstractProtocol.start Starting ProtocolHandler ["http-apr-8080"]
15-Jul-2016 13:48:53.124 INFO [main] org.apache.coyote.AbstractProtocol.start Starting ProtocolHandler ["ajp-apr-8009"]
15-Jul-2016 13:48:53.130 INFO [main] org.apache.catalina.startup.Catalina.start Server startup in 2080 ms
15-Jul-2016 18:19:45.313 INFO [main] org.apache.catalina.startup.VersionLoggerListener.log Server version:        Apache Tomcat/8.0.35
15-Jul-2016 18:19:45.313 INFO [main] org.apache.catalina.startup.VersionLoggerListener.log Server built:          May 11 2016 21:57:08 UTC
15-Jul-2016 18:19:45.313 INFO [main] org.apache.catalina.startup.VersionLoggerListener.log Server number:         8.0.35.0
15-Jul-2016 18:19:45.313 INFO [main] org.apache.catalina.startup.VersionLoggerListener.log OS Name:               Windows 8.1
15-Jul-2016 18:19:45.313 INFO [main] org.apache.catalina.startup.VersionLoggerListener.log OS Version:            6.3
15-Jul-2016 18:19:45.313 INFO [main] org.apache.catalina.startup.VersionLoggerListener.log Architecture:          amd64
15-Jul-2016 18:19:45.313 INFO [main] org.apache.catalina.startup.VersionLoggerListener.log Java Home:             C:\Program Files\Java\jdk1.8.0_65\jre
15-Jul-2016 18:19:45.313 INFO [main] org.apache.catalina.startup.VersionLoggerListener.log JVM Version:           1.8.0_65-b17
15-Jul-2016 18:19:45.313 INFO [main] org.apache.catalina.startup.VersionLoggerListener.log JVM Vendor:            Oracle Corporation
15-Jul-2016 18:19:45.313 INFO [main] org.apache.catalina.startup.VersionLoggerListener.log CATALINA_BASE:         D:\tomcat\apache-tomcat-8.0.35
15-Jul-2016 18:19:45.313 INFO [main] org.apache.catalina.startup.VersionLoggerListener.log CATALINA_HOME:         D:\tomcat\apache-tomcat-8.0.35
15-Jul-2016 18:19:45.313 INFO [main] org.apache.catalina.startup.VersionLoggerListener.log Command line argument: -Djdk.tls.ephemeralDHKeySize=2048
15-Jul-2016 18:19:45.313 INFO [main] org.apache.catalina.startup.VersionLoggerListener.log Command line argument: -Djava.util.logging.config.file=D:\tomcat\apache-tomcat-8.0.35\conf\logging.properties
15-Jul-2016 18:19:45.313 INFO [main] org.apache.catalina.startup.VersionLoggerListener.log Command line argument: -Djava.util.logging.manager=org.apache.juli.ClassLoaderLogManager
15-Jul-2016 18:19:45.313 INFO [main] org.apache.catalina.startup.VersionLoggerListener.log Command line argument: -Djava.endorsed.dirs=D:\tomcat\apache-tomcat-8.0.35\endorsed
15-Jul-2016 18:19:45.313 INFO [main] org.apache.catalina.startup.VersionLoggerListener.log Command line argument: -Dcatalina.base=D:\tomcat\apache-tomcat-8.0.35
15-Jul-2016 18:19:45.313 INFO [main] org.apache.catalina.startup.VersionLoggerListener.log Command line argument: -Dcatalina.home=D:\tomcat\apache-tomcat-8.0.35
15-Jul-2016 18:19:45.313 INFO [main] org.apache.catalina.startup.VersionLoggerListener.log Command line argument: -Djava.io.tmpdir=D:\tomcat\apache-tomcat-8.0.35\temp
15-Jul-2016 18:19:45.329 INFO [main] org.apache.catalina.core.AprLifecycleListener.lifecycleEvent Loaded APR based Apache Tomcat Native library 1.2.7 using APR version 1.5.2.
15-Jul-2016 18:19:45.329 INFO [main] org.apache.catalina.core.AprLifecycleListener.lifecycleEvent APR capabilities: IPv6 [true], sendfile [true], accept filters [false], random [true].
15-Jul-2016 18:19:45.988 INFO [main] org.apache.catalina.core.AprLifecycleListener.initializeSSL OpenSSL successfully initialized (OpenSSL 1.0.2h  3 May 2016)
15-Jul-2016 18:19:46.176 INFO [main] org.apache.coyote.AbstractProtocol.init Initializing ProtocolHandler ["http-apr-8080"]
15-Jul-2016 18:19:46.192 INFO [main] org.apache.coyote.AbstractProtocol.init Initializing ProtocolHandler ["ajp-apr-8009"]
15-Jul-2016 18:19:46.192 INFO [main] org.apache.catalina.startup.Catalina.load Initialization processed in 1510 ms
15-Jul-2016 18:19:46.238 INFO [main] org.apache.catalina.core.StandardService.startInternal Starting service Catalina
15-Jul-2016 18:19:46.238 INFO [main] org.apache.catalina.core.StandardEngine.startInternal Starting Servlet Engine: Apache Tomcat/8.0.35
15-Jul-2016 18:19:46.254 INFO [localhost-startStop-1] org.apache.catalina.startup.HostConfig.deployDirectory Deploying web application directory D:\tomcat\apache-tomcat-8.0.35\webapps\ADNursingServer
15-Jul-2016 18:19:47.129 INFO [localhost-startStop-1] org.apache.jasper.servlet.TldScanner.scanJars At least one JAR was scanned for TLDs yet contained no TLDs. Enable debug logging for this logger for a complete list of JARs that were scanned but no TLDs were found in them. Skipping unneeded JARs during scanning can improve startup time and JSP compilation time.
15-Jul-2016 18:19:47.645 INFO [localhost-startStop-1] org.apache.catalina.util.SessionIdGeneratorBase.createSecureRandom Creation of SecureRandom instance for session ID generation using [SHA1PRNG] took [469] milliseconds.
15-Jul-2016 18:19:47.660 INFO [localhost-startStop-1] org.apache.catalina.startup.HostConfig.deployDirectory Deployment of web application directory D:\tomcat\apache-tomcat-8.0.35\webapps\ADNursingServer has finished in 1,406 ms
15-Jul-2016 18:19:47.660 INFO [localhost-startStop-1] org.apache.catalina.startup.HostConfig.deployDirectory Deploying web application directory D:\tomcat\apache-tomcat-8.0.35\webapps\docs
15-Jul-2016 18:19:47.692 INFO [localhost-startStop-1] org.apache.catalina.startup.HostConfig.deployDirectory Deployment of web application directory D:\tomcat\apache-tomcat-8.0.35\webapps\docs has finished in 32 ms
15-Jul-2016 18:19:47.692 INFO [localhost-startStop-1] org.apache.catalina.startup.HostConfig.deployDirectory Deploying web application directory D:\tomcat\apache-tomcat-8.0.35\webapps\examples
15-Jul-2016 18:19:48.020 INFO [localhost-startStop-1] org.apache.catalina.startup.HostConfig.deployDirectory Deployment of web application directory D:\tomcat\apache-tomcat-8.0.35\webapps\examples has finished in 328 ms
15-Jul-2016 18:19:48.020 INFO [localhost-startStop-1] org.apache.catalina.startup.HostConfig.deployDirectory Deploying web application directory D:\tomcat\apache-tomcat-8.0.35\webapps\host-manager
15-Jul-2016 18:19:48.067 INFO [localhost-startStop-1] org.apache.catalina.startup.HostConfig.deployDirectory Deployment of web application directory D:\tomcat\apache-tomcat-8.0.35\webapps\host-manager has finished in 47 ms
15-Jul-2016 18:19:48.067 INFO [localhost-startStop-1] org.apache.catalina.startup.HostConfig.deployDirectory Deploying web application directory D:\tomcat\apache-tomcat-8.0.35\webapps\manager
15-Jul-2016 18:19:48.098 INFO [localhost-startStop-1] org.apache.catalina.startup.HostConfig.deployDirectory Deployment of web application directory D:\tomcat\apache-tomcat-8.0.35\webapps\manager has finished in 31 ms
15-Jul-2016 18:19:48.114 INFO [localhost-startStop-1] org.apache.catalina.startup.HostConfig.deployDirectory Deploying web application directory D:\tomcat\apache-tomcat-8.0.35\webapps\ROOT
15-Jul-2016 18:19:48.129 INFO [localhost-startStop-1] org.apache.catalina.startup.HostConfig.deployDirectory Deployment of web application directory D:\tomcat\apache-tomcat-8.0.35\webapps\ROOT has finished in 15 ms
15-Jul-2016 18:19:48.145 INFO [main] org.apache.coyote.AbstractProtocol.start Starting ProtocolHandler ["http-apr-8080"]
15-Jul-2016 18:19:48.160 INFO [main] org.apache.coyote.AbstractProtocol.start Starting ProtocolHandler ["ajp-apr-8009"]
15-Jul-2016 18:19:48.160 INFO [main] org.apache.catalina.startup.Catalina.start Server startup in 1964 ms
15-Jul-2016 23:48:55.523 INFO [main] org.apache.catalina.startup.VersionLoggerListener.log Server version:        Apache Tomcat/8.0.35
15-Jul-2016 23:48:55.526 INFO [main] org.apache.catalina.startup.VersionLoggerListener.log Server built:          May 11 2016 21:57:08 UTC
15-Jul-2016 23:48:55.526 INFO [main] org.apache.catalina.startup.VersionLoggerListener.log Server number:         8.0.35.0
15-Jul-2016 23:48:55.526 INFO [main] org.apache.catalina.startup.VersionLoggerListener.log OS Name:               Windows 8.1
15-Jul-2016 23:48:55.527 INFO [main] org.apache.catalina.startup.VersionLoggerListener.log OS Version:            6.3
15-Jul-2016 23:48:55.527 INFO [main] org.apache.catalina.startup.VersionLoggerListener.log Architecture:          amd64
15-Jul-2016 23:48:55.527 INFO [main] org.apache.catalina.startup.VersionLoggerListener.log Java Home:             C:\Program Files\Java\jdk1.8.0_65\jre
15-Jul-2016 23:48:55.528 INFO [main] org.apache.catalina.startup.VersionLoggerListener.log JVM Version:           1.8.0_65-b17
15-Jul-2016 23:48:55.528 INFO [main] org.apache.catalina.startup.VersionLoggerListener.log JVM Vendor:            Oracle Corporation
15-Jul-2016 23:48:55.528 INFO [main] org.apache.catalina.startup.VersionLoggerListener.log CATALINA_BASE:         D:\tomcat\apache-tomcat-8.0.35
15-Jul-2016 23:48:55.529 INFO [main] org.apache.catalina.startup.VersionLoggerListener.log CATALINA_HOME:         D:\tomcat\apache-tomcat-8.0.35
15-Jul-2016 23:48:55.529 INFO [main] org.apache.catalina.startup.VersionLoggerListener.log Command line argument: -Djdk.tls.ephemeralDHKeySize=2048
15-Jul-2016 23:48:55.530 INFO [main] org.apache.catalina.startup.VersionLoggerListener.log Command line argument: -Djava.util.logging.config.file=D:\tomcat\apache-tomcat-8.0.35\conf\logging.properties
15-Jul-2016 23:48:55.531 INFO [main] org.apache.catalina.startup.VersionLoggerListener.log Command line argument: -Djava.util.logging.manager=org.apache.juli.ClassLoaderLogManager
15-Jul-2016 23:48:55.532 INFO [main] org.apache.catalina.startup.VersionLoggerListener.log Command line argument: -Djava.endorsed.dirs=D:\tomcat\apache-tomcat-8.0.35\endorsed
15-Jul-2016 23:48:55.533 INFO [main] org.apache.catalina.startup.VersionLoggerListener.log Command line argument: -Dcatalina.base=D:\tomcat\apache-tomcat-8.0.35
15-Jul-2016 23:48:55.534 INFO [main] org.apache.catalina.startup.VersionLoggerListener.log Command line argument: -Dcatalina.home=D:\tomcat\apache-tomcat-8.0.35
15-Jul-2016 23:48:55.535 INFO [main] org.apache.catalina.startup.VersionLoggerListener.log Command line argument: -Djava.io.tmpdir=D:\tomcat\apache-tomcat-8.0.35\temp
15-Jul-2016 23:48:55.536 INFO [main] org.apache.catalina.core.AprLifecycleListener.lifecycleEvent Loaded APR based Apache Tomcat Native library 1.2.7 using APR version 1.5.2.
15-Jul-2016 23:48:55.536 INFO [main] org.apache.catalina.core.AprLifecycleListener.lifecycleEvent APR capabilities: IPv6 [true], sendfile [true], accept filters [false], random [true].
15-Jul-2016 23:48:56.301 INFO [main] org.apache.catalina.core.AprLifecycleListener.initializeSSL OpenSSL successfully initialized (OpenSSL 1.0.2h  3 May 2016)
15-Jul-2016 23:48:56.465 INFO [main] org.apache.coyote.AbstractProtocol.init Initializing ProtocolHandler ["http-apr-8080"]
15-Jul-2016 23:48:56.480 INFO [main] org.apache.coyote.AbstractProtocol.init Initializing ProtocolHandler ["ajp-apr-8009"]
15-Jul-2016 23:48:56.483 INFO [main] org.apache.catalina.startup.Catalina.load Initialization processed in 1562 ms
15-Jul-2016 23:48:56.535 INFO [main] org.apache.catalina.core.StandardService.startInternal Starting service Catalina
15-Jul-2016 23:48:56.535 INFO [main] org.apache.catalina.core.StandardEngine.startInternal Starting Servlet Engine: Apache Tomcat/8.0.35
15-Jul-2016 23:48:56.550 INFO [localhost-startStop-1] org.apache.catalina.startup.HostConfig.deployDirectory Deploying web application directory D:\tomcat\apache-tomcat-8.0.35\webapps\ADNursingServer
15-Jul-2016 23:48:57.456 INFO [localhost-startStop-1] org.apache.jasper.servlet.TldScanner.scanJars At least one JAR was scanned for TLDs yet contained no TLDs. Enable debug logging for this logger for a complete list of JARs that were scanned but no TLDs were found in them. Skipping unneeded JARs during scanning can improve startup time and JSP compilation time.
15-Jul-2016 23:48:58.001 INFO [localhost-startStop-1] org.apache.catalina.util.SessionIdGeneratorBase.createSecureRandom Creation of SecureRandom instance for session ID generation using [SHA1PRNG] took [492] milliseconds.
15-Jul-2016 23:48:58.024 INFO [localhost-startStop-1] org.apache.catalina.startup.HostConfig.deployDirectory Deployment of web application directory D:\tomcat\apache-tomcat-8.0.35\webapps\ADNursingServer has finished in 1,474 ms
15-Jul-2016 23:48:58.025 INFO [localhost-startStop-1] org.apache.catalina.startup.HostConfig.deployDirectory Deploying web application directory D:\tomcat\apache-tomcat-8.0.35\webapps\docs
15-Jul-2016 23:48:58.046 INFO [localhost-startStop-1] org.apache.catalina.startup.HostConfig.deployDirectory Deployment of web application directory D:\tomcat\apache-tomcat-8.0.35\webapps\docs has finished in 21 ms
15-Jul-2016 23:48:58.047 INFO [localhost-startStop-1] org.apache.catalina.startup.HostConfig.deployDirectory Deploying web application directory D:\tomcat\apache-tomcat-8.0.35\webapps\examples
15-Jul-2016 23:48:58.375 INFO [localhost-startStop-1] org.apache.catalina.startup.HostConfig.deployDirectory Deployment of web application directory D:\tomcat\apache-tomcat-8.0.35\webapps\examples has finished in 328 ms
15-Jul-2016 23:48:58.377 INFO [localhost-startStop-1] org.apache.catalina.startup.HostConfig.deployDirectory Deploying web application directory D:\tomcat\apache-tomcat-8.0.35\webapps\host-manager
15-Jul-2016 23:48:58.430 INFO [localhost-startStop-1] org.apache.catalina.startup.HostConfig.deployDirectory Deployment of web application directory D:\tomcat\apache-tomcat-8.0.35\webapps\host-manager has finished in 52 ms
15-Jul-2016 23:48:58.431 INFO [localhost-startStop-1] org.apache.catalina.startup.HostConfig.deployDirectory Deploying web application directory D:\tomcat\apache-tomcat-8.0.35\webapps\manager
15-Jul-2016 23:48:58.472 INFO [localhost-startStop-1] org.apache.catalina.startup.HostConfig.deployDirectory Deployment of web application directory D:\tomcat\apache-tomcat-8.0.35\webapps\manager has finished in 42 ms
15-Jul-2016 23:48:58.473 INFO [localhost-startStop-1] org.apache.catalina.startup.HostConfig.deployDirectory Deploying web application directory D:\tomcat\apache-tomcat-8.0.35\webapps\ROOT
15-Jul-2016 23:48:58.495 INFO [localhost-startStop-1] org.apache.catalina.startup.HostConfig.deployDirectory Deployment of web application directory D:\tomcat\apache-tomcat-8.0.35\webapps\ROOT has finished in 23 ms
15-Jul-2016 23:48:58.502 INFO [main] org.apache.coyote.AbstractProtocol.start Starting ProtocolHandler ["http-apr-8080"]
15-Jul-2016 23:48:58.518 INFO [main] org.apache.coyote.AbstractProtocol.start Starting ProtocolHandler ["ajp-apr-8009"]
15-Jul-2016 23:48:58.524 INFO [main] org.apache.catalina.startup.Catalina.start Server startup in 2040 ms
