30-Jul-2016 22:29:30.509 INFO [main] org.apache.catalina.startup.VersionLoggerListener.log Server version:        Apache Tomcat/8.0.35
30-Jul-2016 22:29:30.509 INFO [main] org.apache.catalina.startup.VersionLoggerListener.log Server built:          May 11 2016 21:57:08 UTC
30-Jul-2016 22:29:30.509 INFO [main] org.apache.catalina.startup.VersionLoggerListener.log Server number:         8.0.35.0
30-Jul-2016 22:29:30.509 INFO [main] org.apache.catalina.startup.VersionLoggerListener.log OS Name:               Windows 8.1
30-Jul-2016 22:29:30.509 INFO [main] org.apache.catalina.startup.VersionLoggerListener.log OS Version:            6.3
30-Jul-2016 22:29:30.509 INFO [main] org.apache.catalina.startup.VersionLoggerListener.log Architecture:          amd64
30-Jul-2016 22:29:30.509 INFO [main] org.apache.catalina.startup.VersionLoggerListener.log Java Home:             C:\Program Files\Java\jdk1.8.0_65\jre
30-Jul-2016 22:29:30.509 INFO [main] org.apache.catalina.startup.VersionLoggerListener.log JVM Version:           1.8.0_65-b17
30-Jul-2016 22:29:30.509 INFO [main] org.apache.catalina.startup.VersionLoggerListener.log JVM Vendor:            Oracle Corporation
30-Jul-2016 22:29:30.509 INFO [main] org.apache.catalina.startup.VersionLoggerListener.log CATALINA_BASE:         D:\tomcat\apache-tomcat-8.0.35
30-Jul-2016 22:29:30.509 INFO [main] org.apache.catalina.startup.VersionLoggerListener.log CATALINA_HOME:         D:\tomcat\apache-tomcat-8.0.35
30-Jul-2016 22:29:30.509 INFO [main] org.apache.catalina.startup.VersionLoggerListener.log Command line argument: -Djdk.tls.ephemeralDHKeySize=2048
30-Jul-2016 22:29:30.509 INFO [main] org.apache.catalina.startup.VersionLoggerListener.log Command line argument: -Djava.util.logging.config.file=D:\tomcat\apache-tomcat-8.0.35\conf\logging.properties
30-Jul-2016 22:29:30.509 INFO [main] org.apache.catalina.startup.VersionLoggerListener.log Command line argument: -Djava.util.logging.manager=org.apache.juli.ClassLoaderLogManager
30-Jul-2016 22:29:30.509 INFO [main] org.apache.catalina.startup.VersionLoggerListener.log Command line argument: -Djava.endorsed.dirs=D:\tomcat\apache-tomcat-8.0.35\endorsed
30-Jul-2016 22:29:30.509 INFO [main] org.apache.catalina.startup.VersionLoggerListener.log Command line argument: -Dcatalina.base=D:\tomcat\apache-tomcat-8.0.35
30-Jul-2016 22:29:30.509 INFO [main] org.apache.catalina.startup.VersionLoggerListener.log Command line argument: -Dcatalina.home=D:\tomcat\apache-tomcat-8.0.35
30-Jul-2016 22:29:30.509 INFO [main] org.apache.catalina.startup.VersionLoggerListener.log Command line argument: -Djava.io.tmpdir=D:\tomcat\apache-tomcat-8.0.35\temp
30-Jul-2016 22:29:30.509 INFO [main] org.apache.catalina.core.AprLifecycleListener.lifecycleEvent Loaded APR based Apache Tomcat Native library 1.2.7 using APR version 1.5.2.
30-Jul-2016 22:29:30.509 INFO [main] org.apache.catalina.core.AprLifecycleListener.lifecycleEvent APR capabilities: IPv6 [true], sendfile [true], accept filters [false], random [true].
30-Jul-2016 22:29:31.212 INFO [main] org.apache.catalina.core.AprLifecycleListener.initializeSSL OpenSSL successfully initialized (OpenSSL 1.0.2h  3 May 2016)
30-Jul-2016 22:29:31.556 INFO [main] org.apache.coyote.AbstractProtocol.init Initializing ProtocolHandler ["http-apr-8080"]
30-Jul-2016 22:29:31.571 INFO [main] org.apache.coyote.AbstractProtocol.init Initializing ProtocolHandler ["ajp-apr-8009"]
30-Jul-2016 22:29:31.587 INFO [main] org.apache.catalina.startup.Catalina.load Initialization processed in 2414 ms
30-Jul-2016 22:29:31.634 INFO [main] org.apache.catalina.core.StandardService.startInternal Starting service Catalina
30-Jul-2016 22:29:31.634 INFO [main] org.apache.catalina.core.StandardEngine.startInternal Starting Servlet Engine: Apache Tomcat/8.0.35
30-Jul-2016 22:29:31.650 INFO [localhost-startStop-1] org.apache.catalina.startup.HostConfig.deployDirectory Deploying web application directory D:\tomcat\apache-tomcat-8.0.35\webapps\ADNursingServer
30-Jul-2016 22:29:32.572 INFO [localhost-startStop-1] org.apache.jasper.servlet.TldScanner.scanJars At least one JAR was scanned for TLDs yet contained no TLDs. Enable debug logging for this logger for a complete list of JARs that were scanned but no TLDs were found in them. Skipping unneeded JARs during scanning can improve startup time and JSP compilation time.
30-Jul-2016 22:29:33.165 INFO [localhost-startStop-1] org.apache.catalina.util.SessionIdGeneratorBase.createSecureRandom Creation of SecureRandom instance for session ID generation using [SHA1PRNG] took [532] milliseconds.
30-Jul-2016 22:29:33.572 INFO [localhost-startStop-1] org.apache.catalina.startup.HostConfig.deployDirectory Deployment of web application directory D:\tomcat\apache-tomcat-8.0.35\webapps\ADNursingServer has finished in 1,922 ms
30-Jul-2016 22:29:33.572 INFO [localhost-startStop-1] org.apache.catalina.startup.HostConfig.deployDirectory Deploying web application directory D:\tomcat\apache-tomcat-8.0.35\webapps\docs
30-Jul-2016 22:29:33.604 INFO [localhost-startStop-1] org.apache.catalina.startup.HostConfig.deployDirectory Deployment of web application directory D:\tomcat\apache-tomcat-8.0.35\webapps\docs has finished in 32 ms
30-Jul-2016 22:29:33.604 INFO [localhost-startStop-1] org.apache.catalina.startup.HostConfig.deployDirectory Deploying web application directory D:\tomcat\apache-tomcat-8.0.35\webapps\examples
30-Jul-2016 22:29:34.057 INFO [localhost-startStop-1] org.apache.catalina.startup.HostConfig.deployDirectory Deployment of web application directory D:\tomcat\apache-tomcat-8.0.35\webapps\examples has finished in 453 ms
30-Jul-2016 22:29:34.057 INFO [localhost-startStop-1] org.apache.catalina.startup.HostConfig.deployDirectory Deploying web application directory D:\tomcat\apache-tomcat-8.0.35\webapps\host-manager
30-Jul-2016 22:29:34.104 INFO [localhost-startStop-1] org.apache.catalina.startup.HostConfig.deployDirectory Deployment of web application directory D:\tomcat\apache-tomcat-8.0.35\webapps\host-manager has finished in 47 ms
30-Jul-2016 22:29:34.104 INFO [localhost-startStop-1] org.apache.catalina.startup.HostConfig.deployDirectory Deploying web application directory D:\tomcat\apache-tomcat-8.0.35\webapps\manager
30-Jul-2016 22:29:34.307 INFO [localhost-startStop-1] org.apache.catalina.startup.HostConfig.deployDirectory Deployment of web application directory D:\tomcat\apache-tomcat-8.0.35\webapps\manager has finished in 203 ms
30-Jul-2016 22:29:34.307 INFO [localhost-startStop-1] org.apache.catalina.startup.HostConfig.deployDirectory Deploying web application directory D:\tomcat\apache-tomcat-8.0.35\webapps\ROOT
30-Jul-2016 22:29:34.322 INFO [localhost-startStop-1] org.apache.catalina.startup.HostConfig.deployDirectory Deployment of web application directory D:\tomcat\apache-tomcat-8.0.35\webapps\ROOT has finished in 15 ms
30-Jul-2016 22:29:34.338 INFO [main] org.apache.coyote.AbstractProtocol.start Starting ProtocolHandler ["http-apr-8080"]
30-Jul-2016 22:29:34.354 INFO [main] org.apache.coyote.AbstractProtocol.start Starting ProtocolHandler ["ajp-apr-8009"]
30-Jul-2016 22:29:34.369 INFO [main] org.apache.catalina.startup.Catalina.start Server startup in 2782 ms
