11-Jul-2016 21:06:22.839 INFO [main] org.apache.catalina.startup.VersionLoggerListener.log Server version:        Apache Tomcat/8.0.35
11-Jul-2016 21:06:22.870 INFO [main] org.apache.catalina.startup.VersionLoggerListener.log Server built:          May 11 2016 21:57:08 UTC
11-Jul-2016 21:06:22.870 INFO [main] org.apache.catalina.startup.VersionLoggerListener.log Server number:         8.0.35.0
11-Jul-2016 21:06:22.870 INFO [main] org.apache.catalina.startup.VersionLoggerListener.log OS Name:               Windows 8.1
11-Jul-2016 21:06:22.870 INFO [main] org.apache.catalina.startup.VersionLoggerListener.log OS Version:            6.3
11-Jul-2016 21:06:22.870 INFO [main] org.apache.catalina.startup.VersionLoggerListener.log Architecture:          amd64
11-Jul-2016 21:06:22.870 INFO [main] org.apache.catalina.startup.VersionLoggerListener.log Java Home:             C:\Program Files\Java\jdk1.8.0_65\jre
11-Jul-2016 21:06:22.870 INFO [main] org.apache.catalina.startup.VersionLoggerListener.log JVM Version:           1.8.0_65-b17
11-Jul-2016 21:06:22.870 INFO [main] org.apache.catalina.startup.VersionLoggerListener.log JVM Vendor:            Oracle Corporation
11-Jul-2016 21:06:22.870 INFO [main] org.apache.catalina.startup.VersionLoggerListener.log CATALINA_BASE:         D:\tomcat\apache-tomcat-8.0.35
11-Jul-2016 21:06:22.870 INFO [main] org.apache.catalina.startup.VersionLoggerListener.log CATALINA_HOME:         D:\tomcat\apache-tomcat-8.0.35
11-Jul-2016 21:06:22.870 INFO [main] org.apache.catalina.startup.VersionLoggerListener.log Command line argument: -Djdk.tls.ephemeralDHKeySize=2048
11-Jul-2016 21:06:22.870 INFO [main] org.apache.catalina.startup.VersionLoggerListener.log Command line argument: -Djava.util.logging.config.file=D:\tomcat\apache-tomcat-8.0.35\conf\logging.properties
11-Jul-2016 21:06:22.870 INFO [main] org.apache.catalina.startup.VersionLoggerListener.log Command line argument: -Djava.util.logging.manager=org.apache.juli.ClassLoaderLogManager
11-Jul-2016 21:06:22.870 INFO [main] org.apache.catalina.startup.VersionLoggerListener.log Command line argument: -Djava.endorsed.dirs=D:\tomcat\apache-tomcat-8.0.35\endorsed
11-Jul-2016 21:06:22.870 INFO [main] org.apache.catalina.startup.VersionLoggerListener.log Command line argument: -Dcatalina.base=D:\tomcat\apache-tomcat-8.0.35
11-Jul-2016 21:06:22.870 INFO [main] org.apache.catalina.startup.VersionLoggerListener.log Command line argument: -Dcatalina.home=D:\tomcat\apache-tomcat-8.0.35
11-Jul-2016 21:06:22.870 INFO [main] org.apache.catalina.startup.VersionLoggerListener.log Command line argument: -Djava.io.tmpdir=D:\tomcat\apache-tomcat-8.0.35\temp
11-Jul-2016 21:06:22.886 INFO [main] org.apache.catalina.core.AprLifecycleListener.lifecycleEvent Loaded APR based Apache Tomcat Native library 1.2.7 using APR version 1.5.2.
11-Jul-2016 21:06:22.886 INFO [main] org.apache.catalina.core.AprLifecycleListener.lifecycleEvent APR capabilities: IPv6 [true], sendfile [true], accept filters [false], random [true].
11-Jul-2016 21:06:23.605 INFO [main] org.apache.catalina.core.AprLifecycleListener.initializeSSL OpenSSL successfully initialized (OpenSSL 1.0.2h  3 May 2016)
11-Jul-2016 21:06:23.777 INFO [main] org.apache.coyote.AbstractProtocol.init Initializing ProtocolHandler ["http-apr-8080"]
11-Jul-2016 21:06:23.792 INFO [main] org.apache.coyote.AbstractProtocol.init Initializing ProtocolHandler ["ajp-apr-8009"]
11-Jul-2016 21:06:23.792 INFO [main] org.apache.catalina.startup.Catalina.load Initialization processed in 1453 ms
11-Jul-2016 21:06:23.839 INFO [main] org.apache.catalina.core.StandardService.startInternal Starting service Catalina
11-Jul-2016 21:06:23.839 INFO [main] org.apache.catalina.core.StandardEngine.startInternal Starting Servlet Engine: Apache Tomcat/8.0.35
11-Jul-2016 21:06:23.855 INFO [localhost-startStop-1] org.apache.catalina.startup.HostConfig.deployDirectory Deploying web application directory D:\tomcat\apache-tomcat-8.0.35\webapps\ADNursingServer
11-Jul-2016 21:06:24.683 INFO [localhost-startStop-1] org.apache.jasper.servlet.TldScanner.scanJars At least one JAR was scanned for TLDs yet contained no TLDs. Enable debug logging for this logger for a complete list of JARs that were scanned but no TLDs were found in them. Skipping unneeded JARs during scanning can improve startup time and JSP compilation time.
11-Jul-2016 21:06:25.183 INFO [localhost-startStop-1] org.apache.catalina.util.SessionIdGeneratorBase.createSecureRandom Creation of SecureRandom instance for session ID generation using [SHA1PRNG] took [437] milliseconds.
11-Jul-2016 21:06:25.230 INFO [localhost-startStop-1] org.apache.catalina.startup.HostConfig.deployDirectory Deployment of web application directory D:\tomcat\apache-tomcat-8.0.35\webapps\ADNursingServer has finished in 1,375 ms
11-Jul-2016 21:06:25.230 INFO [localhost-startStop-1] org.apache.catalina.startup.HostConfig.deployDirectory Deploying web application directory D:\tomcat\apache-tomcat-8.0.35\webapps\docs
11-Jul-2016 21:06:25.246 INFO [localhost-startStop-1] org.apache.catalina.startup.HostConfig.deployDirectory Deployment of web application directory D:\tomcat\apache-tomcat-8.0.35\webapps\docs has finished in 16 ms
11-Jul-2016 21:06:25.246 INFO [localhost-startStop-1] org.apache.catalina.startup.HostConfig.deployDirectory Deploying web application directory D:\tomcat\apache-tomcat-8.0.35\webapps\examples
11-Jul-2016 21:06:25.574 INFO [localhost-startStop-1] org.apache.catalina.startup.HostConfig.deployDirectory Deployment of web application directory D:\tomcat\apache-tomcat-8.0.35\webapps\examples has finished in 328 ms
11-Jul-2016 21:06:25.574 INFO [localhost-startStop-1] org.apache.catalina.startup.HostConfig.deployDirectory Deploying web application directory D:\tomcat\apache-tomcat-8.0.35\webapps\host-manager
11-Jul-2016 21:06:25.606 INFO [localhost-startStop-1] org.apache.catalina.startup.HostConfig.deployDirectory Deployment of web application directory D:\tomcat\apache-tomcat-8.0.35\webapps\host-manager has finished in 32 ms
11-Jul-2016 21:06:25.606 INFO [localhost-startStop-1] org.apache.catalina.startup.HostConfig.deployDirectory Deploying web application directory D:\tomcat\apache-tomcat-8.0.35\webapps\manager
11-Jul-2016 21:06:25.652 INFO [localhost-startStop-1] org.apache.catalina.startup.HostConfig.deployDirectory Deployment of web application directory D:\tomcat\apache-tomcat-8.0.35\webapps\manager has finished in 46 ms
11-Jul-2016 21:06:25.652 INFO [localhost-startStop-1] org.apache.catalina.startup.HostConfig.deployDirectory Deploying web application directory D:\tomcat\apache-tomcat-8.0.35\webapps\ROOT
11-Jul-2016 21:06:25.668 INFO [localhost-startStop-1] org.apache.catalina.startup.HostConfig.deployDirectory Deployment of web application directory D:\tomcat\apache-tomcat-8.0.35\webapps\ROOT has finished in 16 ms
11-Jul-2016 21:06:25.684 INFO [main] org.apache.coyote.AbstractProtocol.start Starting ProtocolHandler ["http-apr-8080"]
11-Jul-2016 21:06:25.699 INFO [main] org.apache.coyote.AbstractProtocol.start Starting ProtocolHandler ["ajp-apr-8009"]
11-Jul-2016 21:06:25.699 INFO [main] org.apache.catalina.startup.Catalina.start Server startup in 1912 ms
11-Jul-2016 21:34:18.150 INFO [Thread-3] org.apache.coyote.AbstractProtocol.pause Pausing ProtocolHandler ["http-apr-8080"]
11-Jul-2016 21:34:18.212 INFO [Thread-3] org.apache.coyote.AbstractProtocol.pause Pausing ProtocolHandler ["ajp-apr-8009"]
11-Jul-2016 21:37:38.948 INFO [main] org.apache.catalina.startup.VersionLoggerListener.log Server version:        Apache Tomcat/8.0.35
11-Jul-2016 21:37:38.948 INFO [main] org.apache.catalina.startup.VersionLoggerListener.log Server built:          May 11 2016 21:57:08 UTC
11-Jul-2016 21:37:38.948 INFO [main] org.apache.catalina.startup.VersionLoggerListener.log Server number:         8.0.35.0
11-Jul-2016 21:37:38.948 INFO [main] org.apache.catalina.startup.VersionLoggerListener.log OS Name:               Windows 8.1
11-Jul-2016 21:37:38.948 INFO [main] org.apache.catalina.startup.VersionLoggerListener.log OS Version:            6.3
11-Jul-2016 21:37:38.948 INFO [main] org.apache.catalina.startup.VersionLoggerListener.log Architecture:          amd64
11-Jul-2016 21:37:38.948 INFO [main] org.apache.catalina.startup.VersionLoggerListener.log Java Home:             C:\Program Files\Java\jdk1.8.0_65\jre
11-Jul-2016 21:37:38.948 INFO [main] org.apache.catalina.startup.VersionLoggerListener.log JVM Version:           1.8.0_65-b17
11-Jul-2016 21:37:38.948 INFO [main] org.apache.catalina.startup.VersionLoggerListener.log JVM Vendor:            Oracle Corporation
11-Jul-2016 21:37:38.948 INFO [main] org.apache.catalina.startup.VersionLoggerListener.log CATALINA_BASE:         D:\tomcat\apache-tomcat-8.0.35
11-Jul-2016 21:37:38.948 INFO [main] org.apache.catalina.startup.VersionLoggerListener.log CATALINA_HOME:         D:\tomcat\apache-tomcat-8.0.35
11-Jul-2016 21:37:38.948 INFO [main] org.apache.catalina.startup.VersionLoggerListener.log Command line argument: -Djdk.tls.ephemeralDHKeySize=2048
11-Jul-2016 21:37:38.948 INFO [main] org.apache.catalina.startup.VersionLoggerListener.log Command line argument: -Djava.util.logging.config.file=D:\tomcat\apache-tomcat-8.0.35\conf\logging.properties
11-Jul-2016 21:37:38.948 INFO [main] org.apache.catalina.startup.VersionLoggerListener.log Command line argument: -Djava.util.logging.manager=org.apache.juli.ClassLoaderLogManager
11-Jul-2016 21:37:38.948 INFO [main] org.apache.catalina.startup.VersionLoggerListener.log Command line argument: -Djava.endorsed.dirs=D:\tomcat\apache-tomcat-8.0.35\endorsed
11-Jul-2016 21:37:38.948 INFO [main] org.apache.catalina.startup.VersionLoggerListener.log Command line argument: -Dcatalina.base=D:\tomcat\apache-tomcat-8.0.35
11-Jul-2016 21:37:38.948 INFO [main] org.apache.catalina.startup.VersionLoggerListener.log Command line argument: -Dcatalina.home=D:\tomcat\apache-tomcat-8.0.35
11-Jul-2016 21:37:38.948 INFO [main] org.apache.catalina.startup.VersionLoggerListener.log Command line argument: -Djava.io.tmpdir=D:\tomcat\apache-tomcat-8.0.35\temp
11-Jul-2016 21:37:38.948 INFO [main] org.apache.catalina.core.AprLifecycleListener.lifecycleEvent Loaded APR based Apache Tomcat Native library 1.2.7 using APR version 1.5.2.
11-Jul-2016 21:37:38.948 INFO [main] org.apache.catalina.core.AprLifecycleListener.lifecycleEvent APR capabilities: IPv6 [true], sendfile [true], accept filters [false], random [true].
11-Jul-2016 21:37:39.651 INFO [main] org.apache.catalina.core.AprLifecycleListener.initializeSSL OpenSSL successfully initialized (OpenSSL 1.0.2h  3 May 2016)
11-Jul-2016 21:37:39.792 INFO [main] org.apache.coyote.AbstractProtocol.init Initializing ProtocolHandler ["http-apr-8080"]
11-Jul-2016 21:37:39.807 INFO [main] org.apache.coyote.AbstractProtocol.init Initializing ProtocolHandler ["ajp-apr-8009"]
11-Jul-2016 21:37:39.807 INFO [main] org.apache.catalina.startup.Catalina.load Initialization processed in 1407 ms
11-Jul-2016 21:37:39.854 INFO [main] org.apache.catalina.core.StandardService.startInternal Starting service Catalina
11-Jul-2016 21:37:39.854 INFO [main] org.apache.catalina.core.StandardEngine.startInternal Starting Servlet Engine: Apache Tomcat/8.0.35
11-Jul-2016 21:37:39.870 INFO [localhost-startStop-1] org.apache.catalina.startup.HostConfig.deployDirectory Deploying web application directory D:\tomcat\apache-tomcat-8.0.35\webapps\ADNursingServer
11-Jul-2016 21:37:40.776 INFO [localhost-startStop-1] org.apache.jasper.servlet.TldScanner.scanJars At least one JAR was scanned for TLDs yet contained no TLDs. Enable debug logging for this logger for a complete list of JARs that were scanned but no TLDs were found in them. Skipping unneeded JARs during scanning can improve startup time and JSP compilation time.
11-Jul-2016 21:37:41.436 INFO [localhost-startStop-1] org.apache.catalina.util.SessionIdGeneratorBase.createSecureRandom Creation of SecureRandom instance for session ID generation using [SHA1PRNG] took [597] milliseconds.
11-Jul-2016 21:37:41.452 SEVERE [localhost-startStop-1] org.apache.catalina.core.StandardContext.startInternal One or more Filters failed to start. Full details will be found in the appropriate container log file
11-Jul-2016 21:37:41.452 SEVERE [localhost-startStop-1] org.apache.catalina.core.StandardContext.startInternal Context [/ADNursingServer] startup failed due to previous errors
11-Jul-2016 21:37:41.468 INFO [localhost-startStop-1] org.apache.catalina.startup.HostConfig.deployDirectory Deployment of web application directory D:\tomcat\apache-tomcat-8.0.35\webapps\ADNursingServer has finished in 1,598 ms
11-Jul-2016 21:37:41.468 INFO [localhost-startStop-1] org.apache.catalina.startup.HostConfig.deployDirectory Deploying web application directory D:\tomcat\apache-tomcat-8.0.35\webapps\docs
11-Jul-2016 21:37:41.499 INFO [localhost-startStop-1] org.apache.catalina.startup.HostConfig.deployDirectory Deployment of web application directory D:\tomcat\apache-tomcat-8.0.35\webapps\docs has finished in 31 ms
11-Jul-2016 21:37:41.499 INFO [localhost-startStop-1] org.apache.catalina.startup.HostConfig.deployDirectory Deploying web application directory D:\tomcat\apache-tomcat-8.0.35\webapps\examples
11-Jul-2016 21:37:41.843 INFO [localhost-startStop-1] org.apache.catalina.startup.HostConfig.deployDirectory Deployment of web application directory D:\tomcat\apache-tomcat-8.0.35\webapps\examples has finished in 344 ms
11-Jul-2016 21:37:41.843 INFO [localhost-startStop-1] org.apache.catalina.startup.HostConfig.deployDirectory Deploying web application directory D:\tomcat\apache-tomcat-8.0.35\webapps\host-manager
11-Jul-2016 21:37:41.874 INFO [localhost-startStop-1] org.apache.catalina.startup.HostConfig.deployDirectory Deployment of web application directory D:\tomcat\apache-tomcat-8.0.35\webapps\host-manager has finished in 31 ms
11-Jul-2016 21:37:41.874 INFO [localhost-startStop-1] org.apache.catalina.startup.HostConfig.deployDirectory Deploying web application directory D:\tomcat\apache-tomcat-8.0.35\webapps\manager
11-Jul-2016 21:37:41.936 INFO [localhost-startStop-1] org.apache.catalina.startup.HostConfig.deployDirectory Deployment of web application directory D:\tomcat\apache-tomcat-8.0.35\webapps\manager has finished in 62 ms
11-Jul-2016 21:37:41.936 INFO [localhost-startStop-1] org.apache.catalina.startup.HostConfig.deployDirectory Deploying web application directory D:\tomcat\apache-tomcat-8.0.35\webapps\ROOT
11-Jul-2016 21:37:41.952 INFO [localhost-startStop-1] org.apache.catalina.startup.HostConfig.deployDirectory Deployment of web application directory D:\tomcat\apache-tomcat-8.0.35\webapps\ROOT has finished in 16 ms
11-Jul-2016 21:37:41.968 INFO [main] org.apache.coyote.AbstractProtocol.start Starting ProtocolHandler ["http-apr-8080"]
11-Jul-2016 21:37:41.983 INFO [main] org.apache.coyote.AbstractProtocol.start Starting ProtocolHandler ["ajp-apr-8009"]
11-Jul-2016 21:37:41.983 INFO [main] org.apache.catalina.startup.Catalina.start Server startup in 2178 ms
11-Jul-2016 21:40:59.126 INFO [main] org.apache.catalina.startup.VersionLoggerListener.log Server version:        Apache Tomcat/8.0.35
11-Jul-2016 21:40:59.126 INFO [main] org.apache.catalina.startup.VersionLoggerListener.log Server built:          May 11 2016 21:57:08 UTC
11-Jul-2016 21:40:59.126 INFO [main] org.apache.catalina.startup.VersionLoggerListener.log Server number:         8.0.35.0
11-Jul-2016 21:40:59.126 INFO [main] org.apache.catalina.startup.VersionLoggerListener.log OS Name:               Windows 8.1
11-Jul-2016 21:40:59.126 INFO [main] org.apache.catalina.startup.VersionLoggerListener.log OS Version:            6.3
11-Jul-2016 21:40:59.126 INFO [main] org.apache.catalina.startup.VersionLoggerListener.log Architecture:          amd64
11-Jul-2016 21:40:59.126 INFO [main] org.apache.catalina.startup.VersionLoggerListener.log Java Home:             C:\Program Files\Java\jdk1.8.0_65\jre
11-Jul-2016 21:40:59.126 INFO [main] org.apache.catalina.startup.VersionLoggerListener.log JVM Version:           1.8.0_65-b17
11-Jul-2016 21:40:59.126 INFO [main] org.apache.catalina.startup.VersionLoggerListener.log JVM Vendor:            Oracle Corporation
11-Jul-2016 21:40:59.126 INFO [main] org.apache.catalina.startup.VersionLoggerListener.log CATALINA_BASE:         D:\tomcat\apache-tomcat-8.0.35
11-Jul-2016 21:40:59.142 INFO [main] org.apache.catalina.startup.VersionLoggerListener.log CATALINA_HOME:         D:\tomcat\apache-tomcat-8.0.35
11-Jul-2016 21:40:59.142 INFO [main] org.apache.catalina.startup.VersionLoggerListener.log Command line argument: -Djdk.tls.ephemeralDHKeySize=2048
11-Jul-2016 21:40:59.142 INFO [main] org.apache.catalina.startup.VersionLoggerListener.log Command line argument: -Djava.util.logging.config.file=D:\tomcat\apache-tomcat-8.0.35\conf\logging.properties
11-Jul-2016 21:40:59.142 INFO [main] org.apache.catalina.startup.VersionLoggerListener.log Command line argument: -Djava.util.logging.manager=org.apache.juli.ClassLoaderLogManager
11-Jul-2016 21:40:59.142 INFO [main] org.apache.catalina.startup.VersionLoggerListener.log Command line argument: -Djava.endorsed.dirs=D:\tomcat\apache-tomcat-8.0.35\endorsed
11-Jul-2016 21:40:59.142 INFO [main] org.apache.catalina.startup.VersionLoggerListener.log Command line argument: -Dcatalina.base=D:\tomcat\apache-tomcat-8.0.35
11-Jul-2016 21:40:59.142 INFO [main] org.apache.catalina.startup.VersionLoggerListener.log Command line argument: -Dcatalina.home=D:\tomcat\apache-tomcat-8.0.35
11-Jul-2016 21:40:59.142 INFO [main] org.apache.catalina.startup.VersionLoggerListener.log Command line argument: -Djava.io.tmpdir=D:\tomcat\apache-tomcat-8.0.35\temp
11-Jul-2016 21:40:59.142 INFO [main] org.apache.catalina.core.AprLifecycleListener.lifecycleEvent Loaded APR based Apache Tomcat Native library 1.2.7 using APR version 1.5.2.
11-Jul-2016 21:40:59.142 INFO [main] org.apache.catalina.core.AprLifecycleListener.lifecycleEvent APR capabilities: IPv6 [true], sendfile [true], accept filters [false], random [true].
11-Jul-2016 21:40:59.861 INFO [main] org.apache.catalina.core.AprLifecycleListener.initializeSSL OpenSSL successfully initialized (OpenSSL 1.0.2h  3 May 2016)
11-Jul-2016 21:41:00.018 INFO [main] org.apache.coyote.AbstractProtocol.init Initializing ProtocolHandler ["http-apr-8080"]
11-Jul-2016 21:41:00.033 INFO [main] org.apache.coyote.AbstractProtocol.init Initializing ProtocolHandler ["ajp-apr-8009"]
11-Jul-2016 21:41:00.033 INFO [main] org.apache.catalina.startup.Catalina.load Initialization processed in 1414 ms
11-Jul-2016 21:41:00.080 INFO [main] org.apache.catalina.core.StandardService.startInternal Starting service Catalina
11-Jul-2016 21:41:00.080 INFO [main] org.apache.catalina.core.StandardEngine.startInternal Starting Servlet Engine: Apache Tomcat/8.0.35
11-Jul-2016 21:41:00.096 INFO [localhost-startStop-1] org.apache.catalina.startup.HostConfig.deployDirectory Deploying web application directory D:\tomcat\apache-tomcat-8.0.35\webapps\ADNursingServer
11-Jul-2016 21:41:00.941 INFO [localhost-startStop-1] org.apache.jasper.servlet.TldScanner.scanJars At least one JAR was scanned for TLDs yet contained no TLDs. Enable debug logging for this logger for a complete list of JARs that were scanned but no TLDs were found in them. Skipping unneeded JARs during scanning can improve startup time and JSP compilation time.
11-Jul-2016 21:41:01.457 INFO [localhost-startStop-1] org.apache.catalina.util.SessionIdGeneratorBase.createSecureRandom Creation of SecureRandom instance for session ID generation using [SHA1PRNG] took [469] milliseconds.
11-Jul-2016 21:41:01.488 INFO [localhost-startStop-1] org.apache.catalina.startup.HostConfig.deployDirectory Deployment of web application directory D:\tomcat\apache-tomcat-8.0.35\webapps\ADNursingServer has finished in 1,392 ms
11-Jul-2016 21:41:01.488 INFO [localhost-startStop-1] org.apache.catalina.startup.HostConfig.deployDirectory Deploying web application directory D:\tomcat\apache-tomcat-8.0.35\webapps\docs
11-Jul-2016 21:41:01.520 INFO [localhost-startStop-1] org.apache.catalina.startup.HostConfig.deployDirectory Deployment of web application directory D:\tomcat\apache-tomcat-8.0.35\webapps\docs has finished in 32 ms
11-Jul-2016 21:41:01.520 INFO [localhost-startStop-1] org.apache.catalina.startup.HostConfig.deployDirectory Deploying web application directory D:\tomcat\apache-tomcat-8.0.35\webapps\examples
11-Jul-2016 21:41:01.816 INFO [localhost-startStop-1] org.apache.catalina.startup.HostConfig.deployDirectory Deployment of web application directory D:\tomcat\apache-tomcat-8.0.35\webapps\examples has finished in 296 ms
11-Jul-2016 21:41:01.816 INFO [localhost-startStop-1] org.apache.catalina.startup.HostConfig.deployDirectory Deploying web application directory D:\tomcat\apache-tomcat-8.0.35\webapps\host-manager
11-Jul-2016 21:41:01.848 INFO [localhost-startStop-1] org.apache.catalina.startup.HostConfig.deployDirectory Deployment of web application directory D:\tomcat\apache-tomcat-8.0.35\webapps\host-manager has finished in 32 ms
11-Jul-2016 21:41:01.848 INFO [localhost-startStop-1] org.apache.catalina.startup.HostConfig.deployDirectory Deploying web application directory D:\tomcat\apache-tomcat-8.0.35\webapps\manager
11-Jul-2016 21:41:01.895 INFO [localhost-startStop-1] org.apache.catalina.startup.HostConfig.deployDirectory Deployment of web application directory D:\tomcat\apache-tomcat-8.0.35\webapps\manager has finished in 47 ms
11-Jul-2016 21:41:01.895 INFO [localhost-startStop-1] org.apache.catalina.startup.HostConfig.deployDirectory Deploying web application directory D:\tomcat\apache-tomcat-8.0.35\webapps\ROOT
11-Jul-2016 21:41:01.926 INFO [localhost-startStop-1] org.apache.catalina.startup.HostConfig.deployDirectory Deployment of web application directory D:\tomcat\apache-tomcat-8.0.35\webapps\ROOT has finished in 31 ms
11-Jul-2016 21:41:01.926 INFO [main] org.apache.coyote.AbstractProtocol.start Starting ProtocolHandler ["http-apr-8080"]
11-Jul-2016 21:41:01.941 INFO [main] org.apache.coyote.AbstractProtocol.start Starting ProtocolHandler ["ajp-apr-8009"]
11-Jul-2016 21:41:01.941 INFO [main] org.apache.catalina.startup.Catalina.start Server startup in 1915 ms
11-Jul-2016 22:01:28.518 INFO [main] org.apache.catalina.startup.VersionLoggerListener.log Server version:        Apache Tomcat/8.0.35
11-Jul-2016 22:01:28.518 INFO [main] org.apache.catalina.startup.VersionLoggerListener.log Server built:          May 11 2016 21:57:08 UTC
11-Jul-2016 22:01:28.518 INFO [main] org.apache.catalina.startup.VersionLoggerListener.log Server number:         8.0.35.0
11-Jul-2016 22:01:28.518 INFO [main] org.apache.catalina.startup.VersionLoggerListener.log OS Name:               Windows 8.1
11-Jul-2016 22:01:28.518 INFO [main] org.apache.catalina.startup.VersionLoggerListener.log OS Version:            6.3
11-Jul-2016 22:01:28.518 INFO [main] org.apache.catalina.startup.VersionLoggerListener.log Architecture:          amd64
11-Jul-2016 22:01:28.518 INFO [main] org.apache.catalina.startup.VersionLoggerListener.log Java Home:             C:\Program Files\Java\jdk1.8.0_65\jre
11-Jul-2016 22:01:28.518 INFO [main] org.apache.catalina.startup.VersionLoggerListener.log JVM Version:           1.8.0_65-b17
11-Jul-2016 22:01:28.518 INFO [main] org.apache.catalina.startup.VersionLoggerListener.log JVM Vendor:            Oracle Corporation
11-Jul-2016 22:01:28.518 INFO [main] org.apache.catalina.startup.VersionLoggerListener.log CATALINA_BASE:         D:\tomcat\apache-tomcat-8.0.35
11-Jul-2016 22:01:28.518 INFO [main] org.apache.catalina.startup.VersionLoggerListener.log CATALINA_HOME:         D:\tomcat\apache-tomcat-8.0.35
11-Jul-2016 22:01:28.518 INFO [main] org.apache.catalina.startup.VersionLoggerListener.log Command line argument: -Djdk.tls.ephemeralDHKeySize=2048
11-Jul-2016 22:01:28.518 INFO [main] org.apache.catalina.startup.VersionLoggerListener.log Command line argument: -Djava.util.logging.config.file=D:\tomcat\apache-tomcat-8.0.35\conf\logging.properties
11-Jul-2016 22:01:28.518 INFO [main] org.apache.catalina.startup.VersionLoggerListener.log Command line argument: -Djava.util.logging.manager=org.apache.juli.ClassLoaderLogManager
11-Jul-2016 22:01:28.518 INFO [main] org.apache.catalina.startup.VersionLoggerListener.log Command line argument: -Djava.endorsed.dirs=D:\tomcat\apache-tomcat-8.0.35\endorsed
11-Jul-2016 22:01:28.518 INFO [main] org.apache.catalina.startup.VersionLoggerListener.log Command line argument: -Dcatalina.base=D:\tomcat\apache-tomcat-8.0.35
11-Jul-2016 22:01:28.533 INFO [main] org.apache.catalina.startup.VersionLoggerListener.log Command line argument: -Dcatalina.home=D:\tomcat\apache-tomcat-8.0.35
11-Jul-2016 22:01:28.533 INFO [main] org.apache.catalina.startup.VersionLoggerListener.log Command line argument: -Djava.io.tmpdir=D:\tomcat\apache-tomcat-8.0.35\temp
11-Jul-2016 22:01:28.533 INFO [main] org.apache.catalina.core.AprLifecycleListener.lifecycleEvent Loaded APR based Apache Tomcat Native library 1.2.7 using APR version 1.5.2.
11-Jul-2016 22:01:28.533 INFO [main] org.apache.catalina.core.AprLifecycleListener.lifecycleEvent APR capabilities: IPv6 [true], sendfile [true], accept filters [false], random [true].
11-Jul-2016 22:01:29.252 INFO [main] org.apache.catalina.core.AprLifecycleListener.initializeSSL OpenSSL successfully initialized (OpenSSL 1.0.2h  3 May 2016)
11-Jul-2016 22:01:29.409 INFO [main] org.apache.coyote.AbstractProtocol.init Initializing ProtocolHandler ["http-apr-8080"]
11-Jul-2016 22:01:29.424 INFO [main] org.apache.coyote.AbstractProtocol.init Initializing ProtocolHandler ["ajp-apr-8009"]
11-Jul-2016 22:01:29.424 INFO [main] org.apache.catalina.startup.Catalina.load Initialization processed in 1435 ms
11-Jul-2016 22:01:29.458 INFO [main] org.apache.catalina.core.StandardService.startInternal Starting service Catalina
11-Jul-2016 22:01:29.458 INFO [main] org.apache.catalina.core.StandardEngine.startInternal Starting Servlet Engine: Apache Tomcat/8.0.35
11-Jul-2016 22:01:29.473 INFO [localhost-startStop-1] org.apache.catalina.startup.HostConfig.deployDirectory Deploying web application directory D:\tomcat\apache-tomcat-8.0.35\webapps\ADNursingServer
11-Jul-2016 22:01:30.239 INFO [localhost-startStop-1] org.apache.jasper.servlet.TldScanner.scanJars At least one JAR was scanned for TLDs yet contained no TLDs. Enable debug logging for this logger for a complete list of JARs that were scanned but no TLDs were found in them. Skipping unneeded JARs during scanning can improve startup time and JSP compilation time.
11-Jul-2016 22:01:30.755 INFO [localhost-startStop-1] org.apache.catalina.util.SessionIdGeneratorBase.createSecureRandom Creation of SecureRandom instance for session ID generation using [SHA1PRNG] took [453] milliseconds.
11-Jul-2016 22:01:30.770 INFO [localhost-startStop-1] org.apache.catalina.startup.HostConfig.deployDirectory Deployment of web application directory D:\tomcat\apache-tomcat-8.0.35\webapps\ADNursingServer has finished in 1,297 ms
11-Jul-2016 22:01:30.770 INFO [localhost-startStop-1] org.apache.catalina.startup.HostConfig.deployDirectory Deploying web application directory D:\tomcat\apache-tomcat-8.0.35\webapps\docs
11-Jul-2016 22:01:30.802 INFO [localhost-startStop-1] org.apache.catalina.startup.HostConfig.deployDirectory Deployment of web application directory D:\tomcat\apache-tomcat-8.0.35\webapps\docs has finished in 32 ms
11-Jul-2016 22:01:30.802 INFO [localhost-startStop-1] org.apache.catalina.startup.HostConfig.deployDirectory Deploying web application directory D:\tomcat\apache-tomcat-8.0.35\webapps\examples
11-Jul-2016 22:01:31.098 INFO [localhost-startStop-1] org.apache.catalina.startup.HostConfig.deployDirectory Deployment of web application directory D:\tomcat\apache-tomcat-8.0.35\webapps\examples has finished in 296 ms
11-Jul-2016 22:01:31.098 INFO [localhost-startStop-1] org.apache.catalina.startup.HostConfig.deployDirectory Deploying web application directory D:\tomcat\apache-tomcat-8.0.35\webapps\host-manager
11-Jul-2016 22:01:31.130 INFO [localhost-startStop-1] org.apache.catalina.startup.HostConfig.deployDirectory Deployment of web application directory D:\tomcat\apache-tomcat-8.0.35\webapps\host-manager has finished in 32 ms
11-Jul-2016 22:01:31.145 INFO [localhost-startStop-1] org.apache.catalina.startup.HostConfig.deployDirectory Deploying web application directory D:\tomcat\apache-tomcat-8.0.35\webapps\manager
11-Jul-2016 22:01:31.192 INFO [localhost-startStop-1] org.apache.catalina.startup.HostConfig.deployDirectory Deployment of web application directory D:\tomcat\apache-tomcat-8.0.35\webapps\manager has finished in 47 ms
11-Jul-2016 22:01:31.192 INFO [localhost-startStop-1] org.apache.catalina.startup.HostConfig.deployDirectory Deploying web application directory D:\tomcat\apache-tomcat-8.0.35\webapps\ROOT
11-Jul-2016 22:01:31.208 INFO [localhost-startStop-1] org.apache.catalina.startup.HostConfig.deployDirectory Deployment of web application directory D:\tomcat\apache-tomcat-8.0.35\webapps\ROOT has finished in 16 ms
11-Jul-2016 22:01:31.223 INFO [main] org.apache.coyote.AbstractProtocol.start Starting ProtocolHandler ["http-apr-8080"]
11-Jul-2016 22:01:31.239 INFO [main] org.apache.coyote.AbstractProtocol.start Starting ProtocolHandler ["ajp-apr-8009"]
11-Jul-2016 22:01:31.239 INFO [main] org.apache.catalina.startup.Catalina.start Server startup in 1819 ms
11-Jul-2016 22:07:19.747 INFO [Thread-3] org.apache.coyote.AbstractProtocol.pause Pausing ProtocolHandler ["http-apr-8080"]
11-Jul-2016 22:22:55.807 INFO [main] org.apache.catalina.startup.VersionLoggerListener.log Server version:        Apache Tomcat/8.0.35
11-Jul-2016 22:22:55.807 INFO [main] org.apache.catalina.startup.VersionLoggerListener.log Server built:          May 11 2016 21:57:08 UTC
11-Jul-2016 22:22:55.807 INFO [main] org.apache.catalina.startup.VersionLoggerListener.log Server number:         8.0.35.0
11-Jul-2016 22:22:55.807 INFO [main] org.apache.catalina.startup.VersionLoggerListener.log OS Name:               Windows 8.1
11-Jul-2016 22:22:55.807 INFO [main] org.apache.catalina.startup.VersionLoggerListener.log OS Version:            6.3
11-Jul-2016 22:22:55.823 INFO [main] org.apache.catalina.startup.VersionLoggerListener.log Architecture:          amd64
11-Jul-2016 22:22:55.823 INFO [main] org.apache.catalina.startup.VersionLoggerListener.log Java Home:             C:\Program Files\Java\jdk1.8.0_65\jre
11-Jul-2016 22:22:55.823 INFO [main] org.apache.catalina.startup.VersionLoggerListener.log JVM Version:           1.8.0_65-b17
11-Jul-2016 22:22:55.823 INFO [main] org.apache.catalina.startup.VersionLoggerListener.log JVM Vendor:            Oracle Corporation
11-Jul-2016 22:22:55.823 INFO [main] org.apache.catalina.startup.VersionLoggerListener.log CATALINA_BASE:         D:\tomcat\apache-tomcat-8.0.35
11-Jul-2016 22:22:55.823 INFO [main] org.apache.catalina.startup.VersionLoggerListener.log CATALINA_HOME:         D:\tomcat\apache-tomcat-8.0.35
11-Jul-2016 22:22:55.823 INFO [main] org.apache.catalina.startup.VersionLoggerListener.log Command line argument: -Djdk.tls.ephemeralDHKeySize=2048
11-Jul-2016 22:22:55.823 INFO [main] org.apache.catalina.startup.VersionLoggerListener.log Command line argument: -Djava.util.logging.config.file=D:\tomcat\apache-tomcat-8.0.35\conf\logging.properties
11-Jul-2016 22:22:55.823 INFO [main] org.apache.catalina.startup.VersionLoggerListener.log Command line argument: -Djava.util.logging.manager=org.apache.juli.ClassLoaderLogManager
11-Jul-2016 22:22:55.823 INFO [main] org.apache.catalina.startup.VersionLoggerListener.log Command line argument: -Djava.endorsed.dirs=D:\tomcat\apache-tomcat-8.0.35\endorsed
11-Jul-2016 22:22:55.823 INFO [main] org.apache.catalina.startup.VersionLoggerListener.log Command line argument: -Dcatalina.base=D:\tomcat\apache-tomcat-8.0.35
11-Jul-2016 22:22:55.823 INFO [main] org.apache.catalina.startup.VersionLoggerListener.log Command line argument: -Dcatalina.home=D:\tomcat\apache-tomcat-8.0.35
11-Jul-2016 22:22:55.823 INFO [main] org.apache.catalina.startup.VersionLoggerListener.log Command line argument: -Djava.io.tmpdir=D:\tomcat\apache-tomcat-8.0.35\temp
11-Jul-2016 22:22:55.823 INFO [main] org.apache.catalina.core.AprLifecycleListener.lifecycleEvent Loaded APR based Apache Tomcat Native library 1.2.7 using APR version 1.5.2.
11-Jul-2016 22:22:55.823 INFO [main] org.apache.catalina.core.AprLifecycleListener.lifecycleEvent APR capabilities: IPv6 [true], sendfile [true], accept filters [false], random [true].
11-Jul-2016 22:22:56.558 INFO [main] org.apache.catalina.core.AprLifecycleListener.initializeSSL OpenSSL successfully initialized (OpenSSL 1.0.2h  3 May 2016)
11-Jul-2016 22:22:56.699 INFO [main] org.apache.coyote.AbstractProtocol.init Initializing ProtocolHandler ["http-apr-8080"]
11-Jul-2016 22:22:56.714 INFO [main] org.apache.coyote.AbstractProtocol.init Initializing ProtocolHandler ["ajp-apr-8009"]
11-Jul-2016 22:22:56.714 INFO [main] org.apache.catalina.startup.Catalina.load Initialization processed in 1415 ms
11-Jul-2016 22:22:56.761 INFO [main] org.apache.catalina.core.StandardService.startInternal Starting service Catalina
11-Jul-2016 22:22:56.761 INFO [main] org.apache.catalina.core.StandardEngine.startInternal Starting Servlet Engine: Apache Tomcat/8.0.35
11-Jul-2016 22:22:56.777 INFO [localhost-startStop-1] org.apache.catalina.startup.HostConfig.deployDirectory Deploying web application directory D:\tomcat\apache-tomcat-8.0.35\webapps\ADNursingServer
11-Jul-2016 22:22:57.636 INFO [localhost-startStop-1] org.apache.jasper.servlet.TldScanner.scanJars At least one JAR was scanned for TLDs yet contained no TLDs. Enable debug logging for this logger for a complete list of JARs that were scanned but no TLDs were found in them. Skipping unneeded JARs during scanning can improve startup time and JSP compilation time.
11-Jul-2016 22:22:58.152 INFO [localhost-startStop-1] org.apache.catalina.util.SessionIdGeneratorBase.createSecureRandom Creation of SecureRandom instance for session ID generation using [SHA1PRNG] took [469] milliseconds.
11-Jul-2016 22:22:58.183 INFO [localhost-startStop-1] org.apache.catalina.startup.HostConfig.deployDirectory Deployment of web application directory D:\tomcat\apache-tomcat-8.0.35\webapps\ADNursingServer has finished in 1,406 ms
11-Jul-2016 22:22:58.183 INFO [localhost-startStop-1] org.apache.catalina.startup.HostConfig.deployDirectory Deploying web application directory D:\tomcat\apache-tomcat-8.0.35\webapps\docs
11-Jul-2016 22:22:58.215 INFO [localhost-startStop-1] org.apache.catalina.startup.HostConfig.deployDirectory Deployment of web application directory D:\tomcat\apache-tomcat-8.0.35\webapps\docs has finished in 16 ms
11-Jul-2016 22:22:58.215 INFO [localhost-startStop-1] org.apache.catalina.startup.HostConfig.deployDirectory Deploying web application directory D:\tomcat\apache-tomcat-8.0.35\webapps\examples
11-Jul-2016 22:22:58.543 INFO [localhost-startStop-1] org.apache.catalina.startup.HostConfig.deployDirectory Deployment of web application directory D:\tomcat\apache-tomcat-8.0.35\webapps\examples has finished in 328 ms
11-Jul-2016 22:22:58.543 INFO [localhost-startStop-1] org.apache.catalina.startup.HostConfig.deployDirectory Deploying web application directory D:\tomcat\apache-tomcat-8.0.35\webapps\host-manager
11-Jul-2016 22:22:58.574 INFO [localhost-startStop-1] org.apache.catalina.startup.HostConfig.deployDirectory Deployment of web application directory D:\tomcat\apache-tomcat-8.0.35\webapps\host-manager has finished in 31 ms
11-Jul-2016 22:22:58.574 INFO [localhost-startStop-1] org.apache.catalina.startup.HostConfig.deployDirectory Deploying web application directory D:\tomcat\apache-tomcat-8.0.35\webapps\manager
11-Jul-2016 22:22:58.636 INFO [localhost-startStop-1] org.apache.catalina.startup.HostConfig.deployDirectory Deployment of web application directory D:\tomcat\apache-tomcat-8.0.35\webapps\manager has finished in 62 ms
11-Jul-2016 22:22:58.636 INFO [localhost-startStop-1] org.apache.catalina.startup.HostConfig.deployDirectory Deploying web application directory D:\tomcat\apache-tomcat-8.0.35\webapps\ROOT
11-Jul-2016 22:22:58.652 INFO [localhost-startStop-1] org.apache.catalina.startup.HostConfig.deployDirectory Deployment of web application directory D:\tomcat\apache-tomcat-8.0.35\webapps\ROOT has finished in 16 ms
11-Jul-2016 22:22:58.668 INFO [main] org.apache.coyote.AbstractProtocol.start Starting ProtocolHandler ["http-apr-8080"]
11-Jul-2016 22:22:58.683 INFO [main] org.apache.coyote.AbstractProtocol.start Starting ProtocolHandler ["ajp-apr-8009"]
11-Jul-2016 22:22:58.683 INFO [main] org.apache.catalina.startup.Catalina.start Server startup in 1966 ms
