27-Jul-2016 21:25:33.602 INFO [main] org.apache.catalina.startup.VersionLoggerListener.log Server version:        Apache Tomcat/8.0.35
27-Jul-2016 21:25:33.603 INFO [main] org.apache.catalina.startup.VersionLoggerListener.log Server built:          May 11 2016 21:57:08 UTC
27-Jul-2016 21:25:33.603 INFO [main] org.apache.catalina.startup.VersionLoggerListener.log Server number:         8.0.35.0
27-Jul-2016 21:25:33.603 INFO [main] org.apache.catalina.startup.VersionLoggerListener.log OS Name:               Windows 8.1
27-Jul-2016 21:25:33.604 INFO [main] org.apache.catalina.startup.VersionLoggerListener.log OS Version:            6.3
27-Jul-2016 21:25:33.604 INFO [main] org.apache.catalina.startup.VersionLoggerListener.log Architecture:          amd64
27-Jul-2016 21:25:33.604 INFO [main] org.apache.catalina.startup.VersionLoggerListener.log Java Home:             C:\Program Files\Java\jdk1.8.0_65\jre
27-Jul-2016 21:25:33.604 INFO [main] org.apache.catalina.startup.VersionLoggerListener.log JVM Version:           1.8.0_65-b17
27-Jul-2016 21:25:33.605 INFO [main] org.apache.catalina.startup.VersionLoggerListener.log JVM Vendor:            Oracle Corporation
27-Jul-2016 21:25:33.605 INFO [main] org.apache.catalina.startup.VersionLoggerListener.log CATALINA_BASE:         D:\tomcat\apache-tomcat-8.0.35
27-Jul-2016 21:25:33.605 INFO [main] org.apache.catalina.startup.VersionLoggerListener.log CATALINA_HOME:         D:\tomcat\apache-tomcat-8.0.35
27-Jul-2016 21:25:33.605 INFO [main] org.apache.catalina.startup.VersionLoggerListener.log Command line argument: -Djdk.tls.ephemeralDHKeySize=2048
27-Jul-2016 21:25:33.606 INFO [main] org.apache.catalina.startup.VersionLoggerListener.log Command line argument: -Djava.util.logging.config.file=D:\tomcat\apache-tomcat-8.0.35\conf\logging.properties
27-Jul-2016 21:25:33.607 INFO [main] org.apache.catalina.startup.VersionLoggerListener.log Command line argument: -Djava.util.logging.manager=org.apache.juli.ClassLoaderLogManager
27-Jul-2016 21:25:33.608 INFO [main] org.apache.catalina.startup.VersionLoggerListener.log Command line argument: -Djava.endorsed.dirs=D:\tomcat\apache-tomcat-8.0.35\endorsed
27-Jul-2016 21:25:33.610 INFO [main] org.apache.catalina.startup.VersionLoggerListener.log Command line argument: -Dcatalina.base=D:\tomcat\apache-tomcat-8.0.35
27-Jul-2016 21:25:33.611 INFO [main] org.apache.catalina.startup.VersionLoggerListener.log Command line argument: -Dcatalina.home=D:\tomcat\apache-tomcat-8.0.35
27-Jul-2016 21:25:33.611 INFO [main] org.apache.catalina.startup.VersionLoggerListener.log Command line argument: -Djava.io.tmpdir=D:\tomcat\apache-tomcat-8.0.35\temp
27-Jul-2016 21:25:33.612 INFO [main] org.apache.catalina.core.AprLifecycleListener.lifecycleEvent Loaded APR based Apache Tomcat Native library 1.2.7 using APR version 1.5.2.
27-Jul-2016 21:25:33.613 INFO [main] org.apache.catalina.core.AprLifecycleListener.lifecycleEvent APR capabilities: IPv6 [true], sendfile [true], accept filters [false], random [true].
27-Jul-2016 21:25:34.395 INFO [main] org.apache.catalina.core.AprLifecycleListener.initializeSSL OpenSSL successfully initialized (OpenSSL 1.0.2h  3 May 2016)
27-Jul-2016 21:25:34.617 INFO [main] org.apache.coyote.AbstractProtocol.init Initializing ProtocolHandler ["http-apr-8080"]
27-Jul-2016 21:25:34.633 INFO [main] org.apache.coyote.AbstractProtocol.init Initializing ProtocolHandler ["ajp-apr-8009"]
27-Jul-2016 21:25:34.636 INFO [main] org.apache.catalina.startup.Catalina.load Initialization processed in 1648 ms
27-Jul-2016 21:25:34.689 INFO [main] org.apache.catalina.core.StandardService.startInternal Starting service Catalina
27-Jul-2016 21:25:34.689 INFO [main] org.apache.catalina.core.StandardEngine.startInternal Starting Servlet Engine: Apache Tomcat/8.0.35
27-Jul-2016 21:25:34.720 INFO [localhost-startStop-1] org.apache.catalina.startup.HostConfig.deployDirectory Deploying web application directory D:\tomcat\apache-tomcat-8.0.35\webapps\ADNursingServer
27-Jul-2016 21:25:35.733 INFO [localhost-startStop-1] org.apache.jasper.servlet.TldScanner.scanJars At least one JAR was scanned for TLDs yet contained no TLDs. Enable debug logging for this logger for a complete list of JARs that were scanned but no TLDs were found in them. Skipping unneeded JARs during scanning can improve startup time and JSP compilation time.
27-Jul-2016 21:25:36.402 INFO [localhost-startStop-1] org.apache.catalina.util.SessionIdGeneratorBase.createSecureRandom Creation of SecureRandom instance for session ID generation using [SHA1PRNG] took [604] milliseconds.
27-Jul-2016 21:25:36.423 INFO [localhost-startStop-1] org.apache.catalina.startup.HostConfig.deployDirectory Deployment of web application directory D:\tomcat\apache-tomcat-8.0.35\webapps\ADNursingServer has finished in 1,704 ms
27-Jul-2016 21:25:36.424 INFO [localhost-startStop-1] org.apache.catalina.startup.HostConfig.deployDirectory Deploying web application directory D:\tomcat\apache-tomcat-8.0.35\webapps\docs
27-Jul-2016 21:25:36.452 INFO [localhost-startStop-1] org.apache.catalina.startup.HostConfig.deployDirectory Deployment of web application directory D:\tomcat\apache-tomcat-8.0.35\webapps\docs has finished in 28 ms
27-Jul-2016 21:25:36.453 INFO [localhost-startStop-1] org.apache.catalina.startup.HostConfig.deployDirectory Deploying web application directory D:\tomcat\apache-tomcat-8.0.35\webapps\examples
27-Jul-2016 21:25:36.897 INFO [localhost-startStop-1] org.apache.catalina.startup.HostConfig.deployDirectory Deployment of web application directory D:\tomcat\apache-tomcat-8.0.35\webapps\examples has finished in 444 ms
27-Jul-2016 21:25:36.898 INFO [localhost-startStop-1] org.apache.catalina.startup.HostConfig.deployDirectory Deploying web application directory D:\tomcat\apache-tomcat-8.0.35\webapps\host-manager
27-Jul-2016 21:25:36.961 INFO [localhost-startStop-1] org.apache.catalina.startup.HostConfig.deployDirectory Deployment of web application directory D:\tomcat\apache-tomcat-8.0.35\webapps\host-manager has finished in 63 ms
27-Jul-2016 21:25:36.963 INFO [localhost-startStop-1] org.apache.catalina.startup.HostConfig.deployDirectory Deploying web application directory D:\tomcat\apache-tomcat-8.0.35\webapps\manager
27-Jul-2016 21:25:37.016 INFO [localhost-startStop-1] org.apache.catalina.startup.HostConfig.deployDirectory Deployment of web application directory D:\tomcat\apache-tomcat-8.0.35\webapps\manager has finished in 53 ms
27-Jul-2016 21:25:37.017 INFO [localhost-startStop-1] org.apache.catalina.startup.HostConfig.deployDirectory Deploying web application directory D:\tomcat\apache-tomcat-8.0.35\webapps\ROOT
27-Jul-2016 21:25:37.045 INFO [localhost-startStop-1] org.apache.catalina.startup.HostConfig.deployDirectory Deployment of web application directory D:\tomcat\apache-tomcat-8.0.35\webapps\ROOT has finished in 28 ms
27-Jul-2016 21:25:37.055 INFO [main] org.apache.coyote.AbstractProtocol.start Starting ProtocolHandler ["http-apr-8080"]
27-Jul-2016 21:25:37.075 INFO [main] org.apache.coyote.AbstractProtocol.start Starting ProtocolHandler ["ajp-apr-8009"]
27-Jul-2016 21:25:37.087 INFO [main] org.apache.catalina.startup.Catalina.start Server startup in 2450 ms
