14-Jul-2016 08:55:23.808 INFO [localhost-startStop-1] org.apache.catalina.core.ApplicationContext.log ContextListener: contextInitialized()
14-Jul-2016 08:55:23.808 INFO [localhost-startStop-1] org.apache.catalina.core.ApplicationContext.log SessionListener: contextInitialized()
14-Jul-2016 08:58:28.717 SEVERE [http-apr-8080-exec-1] org.apache.catalina.core.StandardWrapperValve.invoke Servlet.service() for servlet [AddPostServlet] in context with path [/ADNursingServer] threw exception
 java.lang.RuntimeException: java.sql.SQLException: Data truncation: Data too long for column 'post_text' at row 1 Query: insert into post(post_title,post_text,post_kind,post_date,comment_num,owner_id,img_url) values(?,?,?,?,?,?,?) Parameters: [名医推荐: 王鲁宁, 1986年毕业于第四军医大学，89年获第四军医大学硕士学位，99年获军医进修学院博士学位。医学基础扎实，专业理论雄厚，对技术精益求精，对病人高度负责，擅长老年神经病，特别是老年期痴呆及帕金森病的诊断和治疗。科研能力强，参加多项军队及国家级科研课题的工作。在“APA微囊化人工细胞临床应用研究”中，完成了偏侧帕金森病样动物嗜铬细胞脑内移植工作，达国际研究水平。
曾获军队科技进步奖二等奖1项，专利2项。近2年发表论文9篇，其中论文“Cerebral Amyloid Angiopathy With Dementia Clinicopathological Studies Of 17 Cases”在杂志Chinese Medical Journal上以第一作者发表并被Sci收录。1999年被评为总医院科技新秀，并荣立三等功。擅长老年痴呆，帕金森病，脑血管病，睡眠障碍及相关疾患的诊治。, 名医推荐, Thu Jul 14 08:58:28 CST 2016, 0, 1, E:\ADNursing\image\4796f032-292c-49c0-a230-c764fbe6b78e_1.jpg|E:\ADNursing\image\35894db9-e949-4841-b164-26528a92de8f_2.jpg]
	at com.ad.dao.impl.PostDaoImpl.save(PostDaoImpl.java:85)
	at com.ad.service.impl.BussinessServiceImpl.addPost(BussinessServiceImpl.java:210)
	at com.ad.web.controller.AddPostServlet.addPost(AddPostServlet.java:173)
	at com.ad.web.controller.AddPostServlet.doGet(AddPostServlet.java:39)
	at com.ad.web.controller.AddPostServlet.doPost(AddPostServlet.java:190)
	at javax.servlet.http.HttpServlet.service(HttpServlet.java:648)
	at javax.servlet.http.HttpServlet.service(HttpServlet.java:729)
	at org.apache.catalina.core.ApplicationFilterChain.internalDoFilter(ApplicationFilterChain.java:292)
	at org.apache.catalina.core.ApplicationFilterChain.doFilter(ApplicationFilterChain.java:207)
	at org.apache.tomcat.websocket.server.WsFilter.doFilter(WsFilter.java:52)
	at org.apache.catalina.core.ApplicationFilterChain.internalDoFilter(ApplicationFilterChain.java:240)
	at org.apache.catalina.core.ApplicationFilterChain.doFilter(ApplicationFilterChain.java:207)
	at com.ad.filter.SetAllCharacterEncodingFilter.doFilter(SetAllCharacterEncodingFilter.java:44)
	at org.apache.catalina.core.ApplicationFilterChain.internalDoFilter(ApplicationFilterChain.java:240)
	at org.apache.catalina.core.ApplicationFilterChain.doFilter(ApplicationFilterChain.java:207)
	at org.apache.catalina.core.StandardWrapperValve.invoke(StandardWrapperValve.java:212)
	at org.apache.catalina.core.StandardContextValve.invoke(StandardContextValve.java:106)
	at org.apache.catalina.authenticator.AuthenticatorBase.invoke(AuthenticatorBase.java:502)
	at org.apache.catalina.core.StandardHostValve.invoke(StandardHostValve.java:141)
	at org.apache.catalina.valves.ErrorReportValve.invoke(ErrorReportValve.java:79)
	at org.apache.catalina.valves.AbstractAccessLogValve.invoke(AbstractAccessLogValve.java:616)
	at org.apache.catalina.core.StandardEngineValve.invoke(StandardEngineValve.java:88)
	at org.apache.catalina.connector.CoyoteAdapter.service(CoyoteAdapter.java:528)
	at org.apache.coyote.http11.AbstractHttp11Processor.process(AbstractHttp11Processor.java:1099)
	at org.apache.coyote.AbstractProtocol$AbstractConnectionHandler.process(AbstractProtocol.java:672)
	at org.apache.tomcat.util.net.AprEndpoint$SocketProcessor.doRun(AprEndpoint.java:2508)
	at org.apache.tomcat.util.net.AprEndpoint$SocketProcessor.run(AprEndpoint.java:2497)
	at java.util.concurrent.ThreadPoolExecutor.runWorker(ThreadPoolExecutor.java:1142)
	at java.util.concurrent.ThreadPoolExecutor$Worker.run(ThreadPoolExecutor.java:617)
	at org.apache.tomcat.util.threads.TaskThread$WrappingRunnable.run(TaskThread.java:61)
	at java.lang.Thread.run(Thread.java:745)
Caused by: java.sql.SQLException: Data truncation: Data too long for column 'post_text' at row 1 Query: insert into post(post_title,post_text,post_kind,post_date,comment_num,owner_id,img_url) values(?,?,?,?,?,?,?) Parameters: [名医推荐: 王鲁宁, 1986年毕业于第四军医大学，89年获第四军医大学硕士学位，99年获军医进修学院博士学位。医学基础扎实，专业理论雄厚，对技术精益求精，对病人高度负责，擅长老年神经病，特别是老年期痴呆及帕金森病的诊断和治疗。科研能力强，参加多项军队及国家级科研课题的工作。在“APA微囊化人工细胞临床应用研究”中，完成了偏侧帕金森病样动物嗜铬细胞脑内移植工作，达国际研究水平。
曾获军队科技进步奖二等奖1项，专利2项。近2年发表论文9篇，其中论文“Cerebral Amyloid Angiopathy With Dementia Clinicopathological Studies Of 17 Cases”在杂志Chinese Medical Journal上以第一作者发表并被Sci收录。1999年被评为总医院科技新秀，并荣立三等功。擅长老年痴呆，帕金森病，脑血管病，睡眠障碍及相关疾患的诊治。, 名医推荐, Thu Jul 14 08:58:28 CST 2016, 0, 1, E:\ADNursing\image\4796f032-292c-49c0-a230-c764fbe6b78e_1.jpg|E:\ADNursing\image\35894db9-e949-4841-b164-26528a92de8f_2.jpg]
	at org.apache.commons.dbutils.AbstractQueryRunner.rethrow(AbstractQueryRunner.java:320)
	at org.apache.commons.dbutils.QueryRunner.update(QueryRunner.java:489)
	at org.apache.commons.dbutils.QueryRunner.update(QueryRunner.java:455)
	at com.ad.dao.impl.PostDaoImpl.save(PostDaoImpl.java:78)
	... 30 more

14-Jul-2016 11:47:57.734 INFO [localhost-startStop-1] org.apache.catalina.core.ApplicationContext.log ContextListener: contextInitialized()
14-Jul-2016 11:47:57.734 INFO [localhost-startStop-1] org.apache.catalina.core.ApplicationContext.log SessionListener: contextInitialized()
14-Jul-2016 11:57:53.715 SEVERE [http-apr-8080-exec-6] org.apache.catalina.core.StandardWrapperValve.invoke Servlet.service() for servlet [IsFavoriteServlet] in context with path [/ADNursingServer] threw exception
 java.lang.RuntimeException: java.sql.SQLException: Wrong number of parameters: expected 2, was given 1 Query: select * from favorites_post where user_id=? and post_id=?) Parameters: [3]
	at com.ad.dao.impl.FavoritesPostDaoImpl.isFavorite(FavoritesPostDaoImpl.java:59)
	at com.ad.service.impl.BussinessServiceImpl.isFavorite(BussinessServiceImpl.java:403)
	at com.ad.web.controller.IsFavoriteServlet.doGet(IsFavoriteServlet.java:33)
	at javax.servlet.http.HttpServlet.service(HttpServlet.java:622)
	at javax.servlet.http.HttpServlet.service(HttpServlet.java:729)
	at org.apache.catalina.core.ApplicationFilterChain.internalDoFilter(ApplicationFilterChain.java:292)
	at org.apache.catalina.core.ApplicationFilterChain.doFilter(ApplicationFilterChain.java:207)
	at org.apache.tomcat.websocket.server.WsFilter.doFilter(WsFilter.java:52)
	at org.apache.catalina.core.ApplicationFilterChain.internalDoFilter(ApplicationFilterChain.java:240)
	at org.apache.catalina.core.ApplicationFilterChain.doFilter(ApplicationFilterChain.java:207)
	at com.ad.filter.SetAllCharacterEncodingFilter.doFilter(SetAllCharacterEncodingFilter.java:44)
	at org.apache.catalina.core.ApplicationFilterChain.internalDoFilter(ApplicationFilterChain.java:240)
	at org.apache.catalina.core.ApplicationFilterChain.doFilter(ApplicationFilterChain.java:207)
	at org.apache.catalina.core.StandardWrapperValve.invoke(StandardWrapperValve.java:212)
	at org.apache.catalina.core.StandardContextValve.invoke(StandardContextValve.java:106)
	at org.apache.catalina.authenticator.AuthenticatorBase.invoke(AuthenticatorBase.java:502)
	at org.apache.catalina.core.StandardHostValve.invoke(StandardHostValve.java:141)
	at org.apache.catalina.valves.ErrorReportValve.invoke(ErrorReportValve.java:79)
	at org.apache.catalina.valves.AbstractAccessLogValve.invoke(AbstractAccessLogValve.java:616)
	at org.apache.catalina.core.StandardEngineValve.invoke(StandardEngineValve.java:88)
	at org.apache.catalina.connector.CoyoteAdapter.service(CoyoteAdapter.java:528)
	at org.apache.coyote.http11.AbstractHttp11Processor.process(AbstractHttp11Processor.java:1099)
	at org.apache.coyote.AbstractProtocol$AbstractConnectionHandler.process(AbstractProtocol.java:672)
	at org.apache.tomcat.util.net.AprEndpoint$SocketProcessor.doRun(AprEndpoint.java:2508)
	at org.apache.tomcat.util.net.AprEndpoint$SocketProcessor.run(AprEndpoint.java:2497)
	at java.util.concurrent.ThreadPoolExecutor.runWorker(ThreadPoolExecutor.java:1142)
	at java.util.concurrent.ThreadPoolExecutor$Worker.run(ThreadPoolExecutor.java:617)
	at org.apache.tomcat.util.threads.TaskThread$WrappingRunnable.run(TaskThread.java:61)
	at java.lang.Thread.run(Thread.java:745)
Caused by: java.sql.SQLException: Wrong number of parameters: expected 2, was given 1 Query: select * from favorites_post where user_id=? and post_id=?) Parameters: [3]
	at org.apache.commons.dbutils.AbstractQueryRunner.rethrow(AbstractQueryRunner.java:320)
	at org.apache.commons.dbutils.QueryRunner.query(QueryRunner.java:349)
	at org.apache.commons.dbutils.QueryRunner.query(QueryRunner.java:287)
	at com.ad.dao.impl.FavoritesPostDaoImpl.isFavorite(FavoritesPostDaoImpl.java:56)
	... 28 more

14-Jul-2016 12:20:12.870 INFO [localhost-startStop-1] org.apache.catalina.core.ApplicationContext.log ContextListener: contextInitialized()
14-Jul-2016 12:20:12.870 INFO [localhost-startStop-1] org.apache.catalina.core.ApplicationContext.log SessionListener: contextInitialized()
14-Jul-2016 18:58:17.901 INFO [localhost-startStop-1] org.apache.catalina.core.ApplicationContext.log ContextListener: contextInitialized()
14-Jul-2016 18:58:17.901 INFO [localhost-startStop-1] org.apache.catalina.core.ApplicationContext.log SessionListener: contextInitialized()
14-Jul-2016 22:38:39.538 INFO [localhost-startStop-1] org.apache.catalina.core.ApplicationContext.log ContextListener: contextInitialized()
14-Jul-2016 22:38:39.538 INFO [localhost-startStop-1] org.apache.catalina.core.ApplicationContext.log SessionListener: contextInitialized()
14-Jul-2016 23:37:34.769 INFO [localhost-startStop-1] org.apache.catalina.core.ApplicationContext.log ContextListener: contextInitialized()
14-Jul-2016 23:37:34.769 INFO [localhost-startStop-1] org.apache.catalina.core.ApplicationContext.log SessionListener: contextInitialized()
14-Jul-2016 23:41:16.781 SEVERE [http-apr-8080-exec-1] org.apache.catalina.core.StandardWrapperValve.invoke Servlet.service() for servlet [ViewPostCommentServlet] in context with path [/ADNursingServer] threw exception
 java.lang.NumberFormatException: null
	at java.lang.Integer.parseInt(Integer.java:542)
	at java.lang.Integer.parseInt(Integer.java:615)
	at com.ad.web.controller.ViewPostCommentServlet.doGet(ViewPostCommentServlet.java:30)
	at javax.servlet.http.HttpServlet.service(HttpServlet.java:622)
	at javax.servlet.http.HttpServlet.service(HttpServlet.java:729)
	at org.apache.catalina.core.ApplicationFilterChain.internalDoFilter(ApplicationFilterChain.java:292)
	at org.apache.catalina.core.ApplicationFilterChain.doFilter(ApplicationFilterChain.java:207)
	at org.apache.tomcat.websocket.server.WsFilter.doFilter(WsFilter.java:52)
	at org.apache.catalina.core.ApplicationFilterChain.internalDoFilter(ApplicationFilterChain.java:240)
	at org.apache.catalina.core.ApplicationFilterChain.doFilter(ApplicationFilterChain.java:207)
	at com.ad.filter.SetAllCharacterEncodingFilter.doFilter(SetAllCharacterEncodingFilter.java:44)
	at org.apache.catalina.core.ApplicationFilterChain.internalDoFilter(ApplicationFilterChain.java:240)
	at org.apache.catalina.core.ApplicationFilterChain.doFilter(ApplicationFilterChain.java:207)
	at org.apache.catalina.core.StandardWrapperValve.invoke(StandardWrapperValve.java:212)
	at org.apache.catalina.core.StandardContextValve.invoke(StandardContextValve.java:106)
	at org.apache.catalina.authenticator.AuthenticatorBase.invoke(AuthenticatorBase.java:502)
	at org.apache.catalina.core.StandardHostValve.invoke(StandardHostValve.java:141)
	at org.apache.catalina.valves.ErrorReportValve.invoke(ErrorReportValve.java:79)
	at org.apache.catalina.valves.AbstractAccessLogValve.invoke(AbstractAccessLogValve.java:616)
	at org.apache.catalina.core.StandardEngineValve.invoke(StandardEngineValve.java:88)
	at org.apache.catalina.connector.CoyoteAdapter.service(CoyoteAdapter.java:528)
	at org.apache.coyote.http11.AbstractHttp11Processor.process(AbstractHttp11Processor.java:1099)
	at org.apache.coyote.AbstractProtocol$AbstractConnectionHandler.process(AbstractProtocol.java:672)
	at org.apache.tomcat.util.net.AprEndpoint$SocketProcessor.doRun(AprEndpoint.java:2508)
	at org.apache.tomcat.util.net.AprEndpoint$SocketProcessor.run(AprEndpoint.java:2497)
	at java.util.concurrent.ThreadPoolExecutor.runWorker(ThreadPoolExecutor.java:1142)
	at java.util.concurrent.ThreadPoolExecutor$Worker.run(ThreadPoolExecutor.java:617)
	at org.apache.tomcat.util.threads.TaskThread$WrappingRunnable.run(TaskThread.java:61)
	at java.lang.Thread.run(Thread.java:745)

14-Jul-2016 23:58:21.177 SEVERE [http-apr-8080-exec-5] org.apache.catalina.core.StandardWrapperValve.invoke Servlet.service() for servlet [ViewPostCommentServlet] in context with path [/ADNursingServer] threw exception
 java.lang.NumberFormatException: null
	at java.lang.Integer.parseInt(Integer.java:542)
	at java.lang.Integer.parseInt(Integer.java:615)
	at com.ad.web.controller.ViewPostCommentServlet.doGet(ViewPostCommentServlet.java:30)
	at com.ad.web.controller.ViewPostCommentServlet.doPost(ViewPostCommentServlet.java:75)
	at javax.servlet.http.HttpServlet.service(HttpServlet.java:648)
	at javax.servlet.http.HttpServlet.service(HttpServlet.java:729)
	at org.apache.catalina.core.ApplicationFilterChain.internalDoFilter(ApplicationFilterChain.java:292)
	at org.apache.catalina.core.ApplicationFilterChain.doFilter(ApplicationFilterChain.java:207)
	at org.apache.tomcat.websocket.server.WsFilter.doFilter(WsFilter.java:52)
	at org.apache.catalina.core.ApplicationFilterChain.internalDoFilter(ApplicationFilterChain.java:240)
	at org.apache.catalina.core.ApplicationFilterChain.doFilter(ApplicationFilterChain.java:207)
	at com.ad.filter.SetAllCharacterEncodingFilter.doFilter(SetAllCharacterEncodingFilter.java:44)
	at org.apache.catalina.core.ApplicationFilterChain.internalDoFilter(ApplicationFilterChain.java:240)
	at org.apache.catalina.core.ApplicationFilterChain.doFilter(ApplicationFilterChain.java:207)
	at org.apache.catalina.core.StandardWrapperValve.invoke(StandardWrapperValve.java:212)
	at org.apache.catalina.core.StandardContextValve.invoke(StandardContextValve.java:106)
	at org.apache.catalina.authenticator.AuthenticatorBase.invoke(AuthenticatorBase.java:502)
	at org.apache.catalina.core.StandardHostValve.invoke(StandardHostValve.java:141)
	at org.apache.catalina.valves.ErrorReportValve.invoke(ErrorReportValve.java:79)
	at org.apache.catalina.valves.AbstractAccessLogValve.invoke(AbstractAccessLogValve.java:616)
	at org.apache.catalina.core.StandardEngineValve.invoke(StandardEngineValve.java:88)
	at org.apache.catalina.connector.CoyoteAdapter.service(CoyoteAdapter.java:528)
	at org.apache.coyote.http11.AbstractHttp11Processor.process(AbstractHttp11Processor.java:1099)
	at org.apache.coyote.AbstractProtocol$AbstractConnectionHandler.process(AbstractProtocol.java:672)
	at org.apache.tomcat.util.net.AprEndpoint$SocketProcessor.doRun(AprEndpoint.java:2508)
	at org.apache.tomcat.util.net.AprEndpoint$SocketProcessor.run(AprEndpoint.java:2497)
	at java.util.concurrent.ThreadPoolExecutor.runWorker(ThreadPoolExecutor.java:1142)
	at java.util.concurrent.ThreadPoolExecutor$Worker.run(ThreadPoolExecutor.java:617)
	at org.apache.tomcat.util.threads.TaskThread$WrappingRunnable.run(TaskThread.java:61)
	at java.lang.Thread.run(Thread.java:745)

14-Jul-2016 23:59:18.849 SEVERE [http-apr-8080-exec-2] org.apache.catalina.core.StandardWrapperValve.invoke Servlet.service() for servlet [ViewPostCommentServlet] in context with path [/ADNursingServer] threw exception
 java.lang.NumberFormatException: null
	at java.lang.Integer.parseInt(Integer.java:542)
	at java.lang.Integer.parseInt(Integer.java:615)
	at com.ad.web.controller.ViewPostCommentServlet.doGet(ViewPostCommentServlet.java:30)
	at com.ad.web.controller.ViewPostCommentServlet.doPost(ViewPostCommentServlet.java:75)
	at javax.servlet.http.HttpServlet.service(HttpServlet.java:648)
	at javax.servlet.http.HttpServlet.service(HttpServlet.java:729)
	at org.apache.catalina.core.ApplicationFilterChain.internalDoFilter(ApplicationFilterChain.java:292)
	at org.apache.catalina.core.ApplicationFilterChain.doFilter(ApplicationFilterChain.java:207)
	at org.apache.tomcat.websocket.server.WsFilter.doFilter(WsFilter.java:52)
	at org.apache.catalina.core.ApplicationFilterChain.internalDoFilter(ApplicationFilterChain.java:240)
	at org.apache.catalina.core.ApplicationFilterChain.doFilter(ApplicationFilterChain.java:207)
	at com.ad.filter.SetAllCharacterEncodingFilter.doFilter(SetAllCharacterEncodingFilter.java:44)
	at org.apache.catalina.core.ApplicationFilterChain.internalDoFilter(ApplicationFilterChain.java:240)
	at org.apache.catalina.core.ApplicationFilterChain.doFilter(ApplicationFilterChain.java:207)
	at org.apache.catalina.core.StandardWrapperValve.invoke(StandardWrapperValve.java:212)
	at org.apache.catalina.core.StandardContextValve.invoke(StandardContextValve.java:106)
	at org.apache.catalina.authenticator.AuthenticatorBase.invoke(AuthenticatorBase.java:502)
	at org.apache.catalina.core.StandardHostValve.invoke(StandardHostValve.java:141)
	at org.apache.catalina.valves.ErrorReportValve.invoke(ErrorReportValve.java:79)
	at org.apache.catalina.valves.AbstractAccessLogValve.invoke(AbstractAccessLogValve.java:616)
	at org.apache.catalina.core.StandardEngineValve.invoke(StandardEngineValve.java:88)
	at org.apache.catalina.connector.CoyoteAdapter.service(CoyoteAdapter.java:528)
	at org.apache.coyote.http11.AbstractHttp11Processor.process(AbstractHttp11Processor.java:1099)
	at org.apache.coyote.AbstractProtocol$AbstractConnectionHandler.process(AbstractProtocol.java:672)
	at org.apache.tomcat.util.net.AprEndpoint$SocketProcessor.doRun(AprEndpoint.java:2508)
	at org.apache.tomcat.util.net.AprEndpoint$SocketProcessor.run(AprEndpoint.java:2497)
	at java.util.concurrent.ThreadPoolExecutor.runWorker(ThreadPoolExecutor.java:1142)
	at java.util.concurrent.ThreadPoolExecutor$Worker.run(ThreadPoolExecutor.java:617)
	at org.apache.tomcat.util.threads.TaskThread$WrappingRunnable.run(TaskThread.java:61)
	at java.lang.Thread.run(Thread.java:745)

