12-Jul-2016 00:46:41.061 INFO [localhost-startStop-1] org.apache.catalina.core.ApplicationContext.log ContextListener: contextInitialized()
12-Jul-2016 00:46:41.061 INFO [localhost-startStop-1] org.apache.catalina.core.ApplicationContext.log SessionListener: contextInitialized()
12-Jul-2016 09:00:29.221 INFO [localhost-startStop-1] org.apache.catalina.core.ApplicationContext.log ContextListener: contextInitialized()
12-Jul-2016 09:00:29.221 INFO [localhost-startStop-1] org.apache.catalina.core.ApplicationContext.log SessionListener: contextInitialized()
12-Jul-2016 09:09:43.005 INFO [localhost-startStop-1] org.apache.catalina.core.ApplicationContext.log ContextListener: contextInitialized()
12-Jul-2016 09:09:43.005 INFO [localhost-startStop-1] org.apache.catalina.core.ApplicationContext.log SessionListener: contextInitialized()
12-Jul-2016 09:16:32.291 INFO [localhost-startStop-1] org.apache.catalina.core.ApplicationContext.log ContextListener: contextInitialized()
12-Jul-2016 09:16:32.291 INFO [localhost-startStop-1] org.apache.catalina.core.ApplicationContext.log SessionListener: contextInitialized()
12-Jul-2016 09:25:02.338 INFO [localhost-startStop-1] org.apache.catalina.core.ApplicationContext.log ContextListener: contextInitialized()
12-Jul-2016 09:25:02.338 INFO [localhost-startStop-1] org.apache.catalina.core.ApplicationContext.log SessionListener: contextInitialized()
12-Jul-2016 09:36:17.594 INFO [localhost-startStop-1] org.apache.catalina.core.ApplicationContext.log ContextListener: contextInitialized()
12-Jul-2016 09:36:17.594 INFO [localhost-startStop-1] org.apache.catalina.core.ApplicationContext.log SessionListener: contextInitialized()
12-Jul-2016 09:37:08.909 INFO [localhost-startStop-1] org.apache.catalina.core.ApplicationContext.log ContextListener: contextInitialized()
12-Jul-2016 09:37:08.909 INFO [localhost-startStop-1] org.apache.catalina.core.ApplicationContext.log SessionListener: contextInitialized()
12-Jul-2016 09:40:35.879 INFO [localhost-startStop-1] org.apache.catalina.core.ApplicationContext.log ContextListener: contextInitialized()
12-Jul-2016 09:40:35.879 INFO [localhost-startStop-1] org.apache.catalina.core.ApplicationContext.log SessionListener: contextInitialized()
12-Jul-2016 09:59:45.475 INFO [localhost-startStop-1] org.apache.catalina.core.ApplicationContext.log ContextListener: contextInitialized()
12-Jul-2016 09:59:45.475 INFO [localhost-startStop-1] org.apache.catalina.core.ApplicationContext.log SessionListener: contextInitialized()
12-Jul-2016 10:04:57.827 INFO [localhost-startStop-1] org.apache.catalina.core.ApplicationContext.log ContextListener: contextInitialized()
12-Jul-2016 10:04:57.827 INFO [localhost-startStop-1] org.apache.catalina.core.ApplicationContext.log SessionListener: contextInitialized()
12-Jul-2016 11:31:47.019 INFO [localhost-startStop-1] org.apache.catalina.core.ApplicationContext.log ContextListener: contextInitialized()
12-Jul-2016 11:31:47.019 INFO [localhost-startStop-1] org.apache.catalina.core.ApplicationContext.log SessionListener: contextInitialized()
12-Jul-2016 12:36:41.247 INFO [localhost-startStop-1] org.apache.catalina.core.ApplicationContext.log ContextListener: contextInitialized()
12-Jul-2016 12:36:41.247 INFO [localhost-startStop-1] org.apache.catalina.core.ApplicationContext.log SessionListener: contextInitialized()
12-Jul-2016 14:31:48.460 INFO [localhost-startStop-1] org.apache.catalina.core.ApplicationContext.log ContextListener: contextInitialized()
12-Jul-2016 14:31:48.461 INFO [localhost-startStop-1] org.apache.catalina.core.ApplicationContext.log SessionListener: contextInitialized()
12-Jul-2016 14:32:45.808 INFO [localhost-startStop-1] org.apache.catalina.core.ApplicationContext.log ContextListener: contextInitialized()
12-Jul-2016 14:32:45.808 INFO [localhost-startStop-1] org.apache.catalina.core.ApplicationContext.log SessionListener: contextInitialized()
12-Jul-2016 14:58:19.832 INFO [localhost-startStop-1] org.apache.catalina.core.ApplicationContext.log ContextListener: contextInitialized()
12-Jul-2016 14:58:19.832 INFO [localhost-startStop-1] org.apache.catalina.core.ApplicationContext.log SessionListener: contextInitialized()
12-Jul-2016 16:11:50.503 SEVERE [http-apr-8080-exec-10] org.apache.catalina.core.StandardWrapperValve.invoke Servlet.service() for servlet [com.ad.web.controller.AddPostServlet] in context with path [/ADNursingServer] threw exception
 java.lang.RuntimeException: java.sql.SQLException: Column 'post_title' cannot be null Query: insert into post(post_title,post_text,post_kind,post_date,comment_num,owner_id,img_url) values(?,?,?,?,?,?,?) Parameters: [null, null, null, Tue Jul 12 16:11:50 CST 2016, 0, null, ]
	at com.ad.dao.impl.PostDaoImpl.save(PostDaoImpl.java:85)
	at com.ad.service.impl.BussinessServiceImpl.addPost(BussinessServiceImpl.java:189)
	at com.ad.web.controller.AddPostServlet.addPost(AddPostServlet.java:182)
	at com.ad.web.controller.AddPostServlet.doGet(AddPostServlet.java:45)
	at com.ad.web.controller.AddPostServlet.doPost(AddPostServlet.java:199)
	at javax.servlet.http.HttpServlet.service(HttpServlet.java:648)
	at javax.servlet.http.HttpServlet.service(HttpServlet.java:729)
	at org.apache.catalina.core.ApplicationFilterChain.internalDoFilter(ApplicationFilterChain.java:292)
	at org.apache.catalina.core.ApplicationFilterChain.doFilter(ApplicationFilterChain.java:207)
	at org.apache.tomcat.websocket.server.WsFilter.doFilter(WsFilter.java:52)
	at org.apache.catalina.core.ApplicationFilterChain.internalDoFilter(ApplicationFilterChain.java:240)
	at org.apache.catalina.core.ApplicationFilterChain.doFilter(ApplicationFilterChain.java:207)
	at com.ad.filter.SetAllCharacterEncodingFilter.doFilter(SetAllCharacterEncodingFilter.java:44)
	at org.apache.catalina.core.ApplicationFilterChain.internalDoFilter(ApplicationFilterChain.java:240)
	at org.apache.catalina.core.ApplicationFilterChain.doFilter(ApplicationFilterChain.java:207)
	at org.apache.catalina.core.StandardWrapperValve.invoke(StandardWrapperValve.java:212)
	at org.apache.catalina.core.StandardContextValve.invoke(StandardContextValve.java:106)
	at org.apache.catalina.authenticator.AuthenticatorBase.invoke(AuthenticatorBase.java:502)
	at org.apache.catalina.core.StandardHostValve.invoke(StandardHostValve.java:141)
	at org.apache.catalina.valves.ErrorReportValve.invoke(ErrorReportValve.java:79)
	at org.apache.catalina.valves.AbstractAccessLogValve.invoke(AbstractAccessLogValve.java:616)
	at org.apache.catalina.core.StandardEngineValve.invoke(StandardEngineValve.java:88)
	at org.apache.catalina.connector.CoyoteAdapter.service(CoyoteAdapter.java:528)
	at org.apache.coyote.http11.AbstractHttp11Processor.process(AbstractHttp11Processor.java:1099)
	at org.apache.coyote.AbstractProtocol$AbstractConnectionHandler.process(AbstractProtocol.java:672)
	at org.apache.tomcat.util.net.AprEndpoint$SocketProcessor.doRun(AprEndpoint.java:2508)
	at org.apache.tomcat.util.net.AprEndpoint$SocketProcessor.run(AprEndpoint.java:2497)
	at java.util.concurrent.ThreadPoolExecutor.runWorker(ThreadPoolExecutor.java:1142)
	at java.util.concurrent.ThreadPoolExecutor$Worker.run(ThreadPoolExecutor.java:617)
	at org.apache.tomcat.util.threads.TaskThread$WrappingRunnable.run(TaskThread.java:61)
	at java.lang.Thread.run(Thread.java:745)
Caused by: java.sql.SQLException: Column 'post_title' cannot be null Query: insert into post(post_title,post_text,post_kind,post_date,comment_num,owner_id,img_url) values(?,?,?,?,?,?,?) Parameters: [null, null, null, Tue Jul 12 16:11:50 CST 2016, 0, null, ]
	at org.apache.commons.dbutils.AbstractQueryRunner.rethrow(AbstractQueryRunner.java:320)
	at org.apache.commons.dbutils.QueryRunner.update(QueryRunner.java:489)
	at org.apache.commons.dbutils.QueryRunner.update(QueryRunner.java:455)
	at com.ad.dao.impl.PostDaoImpl.save(PostDaoImpl.java:78)
	... 30 more

12-Jul-2016 16:13:02.532 SEVERE [http-apr-8080-exec-6] org.apache.catalina.core.StandardWrapperValve.invoke Servlet.service() for servlet [com.ad.web.controller.AddPostServlet] in context with path [/ADNursingServer] threw exception
 java.lang.RuntimeException: java.sql.SQLException: Column 'post_title' cannot be null Query: insert into post(post_title,post_text,post_kind,post_date,comment_num,owner_id,img_url) values(?,?,?,?,?,?,?) Parameters: [null, null, null, Tue Jul 12 16:13:02 CST 2016, 0, null, ]
	at com.ad.dao.impl.PostDaoImpl.save(PostDaoImpl.java:85)
	at com.ad.service.impl.BussinessServiceImpl.addPost(BussinessServiceImpl.java:189)
	at com.ad.web.controller.AddPostServlet.addPost(AddPostServlet.java:182)
	at com.ad.web.controller.AddPostServlet.doGet(AddPostServlet.java:45)
	at com.ad.web.controller.AddPostServlet.doPost(AddPostServlet.java:199)
	at javax.servlet.http.HttpServlet.service(HttpServlet.java:648)
	at javax.servlet.http.HttpServlet.service(HttpServlet.java:729)
	at org.apache.catalina.core.ApplicationFilterChain.internalDoFilter(ApplicationFilterChain.java:292)
	at org.apache.catalina.core.ApplicationFilterChain.doFilter(ApplicationFilterChain.java:207)
	at org.apache.tomcat.websocket.server.WsFilter.doFilter(WsFilter.java:52)
	at org.apache.catalina.core.ApplicationFilterChain.internalDoFilter(ApplicationFilterChain.java:240)
	at org.apache.catalina.core.ApplicationFilterChain.doFilter(ApplicationFilterChain.java:207)
	at com.ad.filter.SetAllCharacterEncodingFilter.doFilter(SetAllCharacterEncodingFilter.java:44)
	at org.apache.catalina.core.ApplicationFilterChain.internalDoFilter(ApplicationFilterChain.java:240)
	at org.apache.catalina.core.ApplicationFilterChain.doFilter(ApplicationFilterChain.java:207)
	at org.apache.catalina.core.StandardWrapperValve.invoke(StandardWrapperValve.java:212)
	at org.apache.catalina.core.StandardContextValve.invoke(StandardContextValve.java:106)
	at org.apache.catalina.authenticator.AuthenticatorBase.invoke(AuthenticatorBase.java:502)
	at org.apache.catalina.core.StandardHostValve.invoke(StandardHostValve.java:141)
	at org.apache.catalina.valves.ErrorReportValve.invoke(ErrorReportValve.java:79)
	at org.apache.catalina.valves.AbstractAccessLogValve.invoke(AbstractAccessLogValve.java:616)
	at org.apache.catalina.core.StandardEngineValve.invoke(StandardEngineValve.java:88)
	at org.apache.catalina.connector.CoyoteAdapter.service(CoyoteAdapter.java:528)
	at org.apache.coyote.http11.AbstractHttp11Processor.process(AbstractHttp11Processor.java:1099)
	at org.apache.coyote.AbstractProtocol$AbstractConnectionHandler.process(AbstractProtocol.java:672)
	at org.apache.tomcat.util.net.AprEndpoint$SocketProcessor.doRun(AprEndpoint.java:2508)
	at org.apache.tomcat.util.net.AprEndpoint$SocketProcessor.run(AprEndpoint.java:2497)
	at java.util.concurrent.ThreadPoolExecutor.runWorker(ThreadPoolExecutor.java:1142)
	at java.util.concurrent.ThreadPoolExecutor$Worker.run(ThreadPoolExecutor.java:617)
	at org.apache.tomcat.util.threads.TaskThread$WrappingRunnable.run(TaskThread.java:61)
	at java.lang.Thread.run(Thread.java:745)
Caused by: java.sql.SQLException: Column 'post_title' cannot be null Query: insert into post(post_title,post_text,post_kind,post_date,comment_num,owner_id,img_url) values(?,?,?,?,?,?,?) Parameters: [null, null, null, Tue Jul 12 16:13:02 CST 2016, 0, null, ]
	at org.apache.commons.dbutils.AbstractQueryRunner.rethrow(AbstractQueryRunner.java:320)
	at org.apache.commons.dbutils.QueryRunner.update(QueryRunner.java:489)
	at org.apache.commons.dbutils.QueryRunner.update(QueryRunner.java:455)
	at com.ad.dao.impl.PostDaoImpl.save(PostDaoImpl.java:78)
	... 30 more

12-Jul-2016 16:13:48.259 SEVERE [http-apr-8080-exec-8] org.apache.catalina.core.StandardWrapperValve.invoke Servlet.service() for servlet [com.ad.web.controller.AddPostServlet] in context with path [/ADNursingServer] threw exception
 java.lang.RuntimeException: java.sql.SQLException: Column 'post_title' cannot be null Query: insert into post(post_title,post_text,post_kind,post_date,comment_num,owner_id,img_url) values(?,?,?,?,?,?,?) Parameters: [null, null, null, Tue Jul 12 16:13:48 CST 2016, 0, null, ]
	at com.ad.dao.impl.PostDaoImpl.save(PostDaoImpl.java:85)
	at com.ad.service.impl.BussinessServiceImpl.addPost(BussinessServiceImpl.java:189)
	at com.ad.web.controller.AddPostServlet.addPost(AddPostServlet.java:182)
	at com.ad.web.controller.AddPostServlet.doGet(AddPostServlet.java:45)
	at com.ad.web.controller.AddPostServlet.doPost(AddPostServlet.java:199)
	at javax.servlet.http.HttpServlet.service(HttpServlet.java:648)
	at javax.servlet.http.HttpServlet.service(HttpServlet.java:729)
	at org.apache.catalina.core.ApplicationFilterChain.internalDoFilter(ApplicationFilterChain.java:292)
	at org.apache.catalina.core.ApplicationFilterChain.doFilter(ApplicationFilterChain.java:207)
	at org.apache.tomcat.websocket.server.WsFilter.doFilter(WsFilter.java:52)
	at org.apache.catalina.core.ApplicationFilterChain.internalDoFilter(ApplicationFilterChain.java:240)
	at org.apache.catalina.core.ApplicationFilterChain.doFilter(ApplicationFilterChain.java:207)
	at com.ad.filter.SetAllCharacterEncodingFilter.doFilter(SetAllCharacterEncodingFilter.java:44)
	at org.apache.catalina.core.ApplicationFilterChain.internalDoFilter(ApplicationFilterChain.java:240)
	at org.apache.catalina.core.ApplicationFilterChain.doFilter(ApplicationFilterChain.java:207)
	at org.apache.catalina.core.StandardWrapperValve.invoke(StandardWrapperValve.java:212)
	at org.apache.catalina.core.StandardContextValve.invoke(StandardContextValve.java:106)
	at org.apache.catalina.authenticator.AuthenticatorBase.invoke(AuthenticatorBase.java:502)
	at org.apache.catalina.core.StandardHostValve.invoke(StandardHostValve.java:141)
	at org.apache.catalina.valves.ErrorReportValve.invoke(ErrorReportValve.java:79)
	at org.apache.catalina.valves.AbstractAccessLogValve.invoke(AbstractAccessLogValve.java:616)
	at org.apache.catalina.core.StandardEngineValve.invoke(StandardEngineValve.java:88)
	at org.apache.catalina.connector.CoyoteAdapter.service(CoyoteAdapter.java:528)
	at org.apache.coyote.http11.AbstractHttp11Processor.process(AbstractHttp11Processor.java:1099)
	at org.apache.coyote.AbstractProtocol$AbstractConnectionHandler.process(AbstractProtocol.java:672)
	at org.apache.tomcat.util.net.AprEndpoint$SocketProcessor.doRun(AprEndpoint.java:2508)
	at org.apache.tomcat.util.net.AprEndpoint$SocketProcessor.run(AprEndpoint.java:2497)
	at java.util.concurrent.ThreadPoolExecutor.runWorker(ThreadPoolExecutor.java:1142)
	at java.util.concurrent.ThreadPoolExecutor$Worker.run(ThreadPoolExecutor.java:617)
	at org.apache.tomcat.util.threads.TaskThread$WrappingRunnable.run(TaskThread.java:61)
	at java.lang.Thread.run(Thread.java:745)
Caused by: java.sql.SQLException: Column 'post_title' cannot be null Query: insert into post(post_title,post_text,post_kind,post_date,comment_num,owner_id,img_url) values(?,?,?,?,?,?,?) Parameters: [null, null, null, Tue Jul 12 16:13:48 CST 2016, 0, null, ]
	at org.apache.commons.dbutils.AbstractQueryRunner.rethrow(AbstractQueryRunner.java:320)
	at org.apache.commons.dbutils.QueryRunner.update(QueryRunner.java:489)
	at org.apache.commons.dbutils.QueryRunner.update(QueryRunner.java:455)
	at com.ad.dao.impl.PostDaoImpl.save(PostDaoImpl.java:78)
	... 30 more

12-Jul-2016 16:16:19.677 SEVERE [http-apr-8080-exec-2] org.apache.catalina.core.StandardWrapperValve.invoke Servlet.service() for servlet [com.ad.web.controller.AddPostServlet] in context with path [/ADNursingServer] threw exception
 java.lang.RuntimeException: java.sql.SQLException: Column 'post_title' cannot be null Query: insert into post(post_title,post_text,post_kind,post_date,comment_num,owner_id,img_url) values(?,?,?,?,?,?,?) Parameters: [null, null, null, Tue Jul 12 16:16:19 CST 2016, 0, null, ]
	at com.ad.dao.impl.PostDaoImpl.save(PostDaoImpl.java:85)
	at com.ad.service.impl.BussinessServiceImpl.addPost(BussinessServiceImpl.java:189)
	at com.ad.web.controller.AddPostServlet.addPost(AddPostServlet.java:182)
	at com.ad.web.controller.AddPostServlet.doGet(AddPostServlet.java:45)
	at com.ad.web.controller.AddPostServlet.doPost(AddPostServlet.java:199)
	at javax.servlet.http.HttpServlet.service(HttpServlet.java:648)
	at javax.servlet.http.HttpServlet.service(HttpServlet.java:729)
	at org.apache.catalina.core.ApplicationFilterChain.internalDoFilter(ApplicationFilterChain.java:292)
	at org.apache.catalina.core.ApplicationFilterChain.doFilter(ApplicationFilterChain.java:207)
	at org.apache.tomcat.websocket.server.WsFilter.doFilter(WsFilter.java:52)
	at org.apache.catalina.core.ApplicationFilterChain.internalDoFilter(ApplicationFilterChain.java:240)
	at org.apache.catalina.core.ApplicationFilterChain.doFilter(ApplicationFilterChain.java:207)
	at com.ad.filter.SetAllCharacterEncodingFilter.doFilter(SetAllCharacterEncodingFilter.java:44)
	at org.apache.catalina.core.ApplicationFilterChain.internalDoFilter(ApplicationFilterChain.java:240)
	at org.apache.catalina.core.ApplicationFilterChain.doFilter(ApplicationFilterChain.java:207)
	at org.apache.catalina.core.StandardWrapperValve.invoke(StandardWrapperValve.java:212)
	at org.apache.catalina.core.StandardContextValve.invoke(StandardContextValve.java:106)
	at org.apache.catalina.authenticator.AuthenticatorBase.invoke(AuthenticatorBase.java:502)
	at org.apache.catalina.core.StandardHostValve.invoke(StandardHostValve.java:141)
	at org.apache.catalina.valves.ErrorReportValve.invoke(ErrorReportValve.java:79)
	at org.apache.catalina.valves.AbstractAccessLogValve.invoke(AbstractAccessLogValve.java:616)
	at org.apache.catalina.core.StandardEngineValve.invoke(StandardEngineValve.java:88)
	at org.apache.catalina.connector.CoyoteAdapter.service(CoyoteAdapter.java:528)
	at org.apache.coyote.http11.AbstractHttp11Processor.process(AbstractHttp11Processor.java:1099)
	at org.apache.coyote.AbstractProtocol$AbstractConnectionHandler.process(AbstractProtocol.java:672)
	at org.apache.tomcat.util.net.AprEndpoint$SocketProcessor.doRun(AprEndpoint.java:2508)
	at org.apache.tomcat.util.net.AprEndpoint$SocketProcessor.run(AprEndpoint.java:2497)
	at java.util.concurrent.ThreadPoolExecutor.runWorker(ThreadPoolExecutor.java:1142)
	at java.util.concurrent.ThreadPoolExecutor$Worker.run(ThreadPoolExecutor.java:617)
	at org.apache.tomcat.util.threads.TaskThread$WrappingRunnable.run(TaskThread.java:61)
	at java.lang.Thread.run(Thread.java:745)
Caused by: java.sql.SQLException: Column 'post_title' cannot be null Query: insert into post(post_title,post_text,post_kind,post_date,comment_num,owner_id,img_url) values(?,?,?,?,?,?,?) Parameters: [null, null, null, Tue Jul 12 16:16:19 CST 2016, 0, null, ]
	at org.apache.commons.dbutils.AbstractQueryRunner.rethrow(AbstractQueryRunner.java:320)
	at org.apache.commons.dbutils.QueryRunner.update(QueryRunner.java:489)
	at org.apache.commons.dbutils.QueryRunner.update(QueryRunner.java:455)
	at com.ad.dao.impl.PostDaoImpl.save(PostDaoImpl.java:78)
	... 30 more

12-Jul-2016 16:16:21.706 SEVERE [http-apr-8080-exec-10] org.apache.catalina.core.StandardWrapperValve.invoke Servlet.service() for servlet [com.ad.web.controller.AddPostServlet] in context with path [/ADNursingServer] threw exception
 java.lang.RuntimeException: java.sql.SQLException: Column 'post_title' cannot be null Query: insert into post(post_title,post_text,post_kind,post_date,comment_num,owner_id,img_url) values(?,?,?,?,?,?,?) Parameters: [null, null, null, Tue Jul 12 16:16:21 CST 2016, 0, null, ]
	at com.ad.dao.impl.PostDaoImpl.save(PostDaoImpl.java:85)
	at com.ad.service.impl.BussinessServiceImpl.addPost(BussinessServiceImpl.java:189)
	at com.ad.web.controller.AddPostServlet.addPost(AddPostServlet.java:182)
	at com.ad.web.controller.AddPostServlet.doGet(AddPostServlet.java:45)
	at com.ad.web.controller.AddPostServlet.doPost(AddPostServlet.java:199)
	at javax.servlet.http.HttpServlet.service(HttpServlet.java:648)
	at javax.servlet.http.HttpServlet.service(HttpServlet.java:729)
	at org.apache.catalina.core.ApplicationFilterChain.internalDoFilter(ApplicationFilterChain.java:292)
	at org.apache.catalina.core.ApplicationFilterChain.doFilter(ApplicationFilterChain.java:207)
	at org.apache.tomcat.websocket.server.WsFilter.doFilter(WsFilter.java:52)
	at org.apache.catalina.core.ApplicationFilterChain.internalDoFilter(ApplicationFilterChain.java:240)
	at org.apache.catalina.core.ApplicationFilterChain.doFilter(ApplicationFilterChain.java:207)
	at com.ad.filter.SetAllCharacterEncodingFilter.doFilter(SetAllCharacterEncodingFilter.java:44)
	at org.apache.catalina.core.ApplicationFilterChain.internalDoFilter(ApplicationFilterChain.java:240)
	at org.apache.catalina.core.ApplicationFilterChain.doFilter(ApplicationFilterChain.java:207)
	at org.apache.catalina.core.StandardWrapperValve.invoke(StandardWrapperValve.java:212)
	at org.apache.catalina.core.StandardContextValve.invoke(StandardContextValve.java:106)
	at org.apache.catalina.authenticator.AuthenticatorBase.invoke(AuthenticatorBase.java:502)
	at org.apache.catalina.core.StandardHostValve.invoke(StandardHostValve.java:141)
	at org.apache.catalina.valves.ErrorReportValve.invoke(ErrorReportValve.java:79)
	at org.apache.catalina.valves.AbstractAccessLogValve.invoke(AbstractAccessLogValve.java:616)
	at org.apache.catalina.core.StandardEngineValve.invoke(StandardEngineValve.java:88)
	at org.apache.catalina.connector.CoyoteAdapter.service(CoyoteAdapter.java:528)
	at org.apache.coyote.http11.AbstractHttp11Processor.process(AbstractHttp11Processor.java:1099)
	at org.apache.coyote.AbstractProtocol$AbstractConnectionHandler.process(AbstractProtocol.java:672)
	at org.apache.tomcat.util.net.AprEndpoint$SocketProcessor.doRun(AprEndpoint.java:2508)
	at org.apache.tomcat.util.net.AprEndpoint$SocketProcessor.run(AprEndpoint.java:2497)
	at java.util.concurrent.ThreadPoolExecutor.runWorker(ThreadPoolExecutor.java:1142)
	at java.util.concurrent.ThreadPoolExecutor$Worker.run(ThreadPoolExecutor.java:617)
	at org.apache.tomcat.util.threads.TaskThread$WrappingRunnable.run(TaskThread.java:61)
	at java.lang.Thread.run(Thread.java:745)
Caused by: java.sql.SQLException: Column 'post_title' cannot be null Query: insert into post(post_title,post_text,post_kind,post_date,comment_num,owner_id,img_url) values(?,?,?,?,?,?,?) Parameters: [null, null, null, Tue Jul 12 16:16:21 CST 2016, 0, null, ]
	at org.apache.commons.dbutils.AbstractQueryRunner.rethrow(AbstractQueryRunner.java:320)
	at org.apache.commons.dbutils.QueryRunner.update(QueryRunner.java:489)
	at org.apache.commons.dbutils.QueryRunner.update(QueryRunner.java:455)
	at com.ad.dao.impl.PostDaoImpl.save(PostDaoImpl.java:78)
	... 30 more

12-Jul-2016 16:21:34.129 SEVERE [http-apr-8080-exec-4] org.apache.catalina.core.StandardWrapperValve.invoke Servlet.service() for servlet [com.ad.web.controller.AddPostServlet] in context with path [/ADNursingServer] threw exception
 java.lang.RuntimeException: java.sql.SQLException: Column 'post_title' cannot be null Query: insert into post(post_title,post_text,post_kind,post_date,comment_num,owner_id,img_url) values(?,?,?,?,?,?,?) Parameters: [null, null, null, Tue Jul 12 16:21:34 CST 2016, 0, null, ]
	at com.ad.dao.impl.PostDaoImpl.save(PostDaoImpl.java:85)
	at com.ad.service.impl.BussinessServiceImpl.addPost(BussinessServiceImpl.java:189)
	at com.ad.web.controller.AddPostServlet.addPost(AddPostServlet.java:182)
	at com.ad.web.controller.AddPostServlet.doGet(AddPostServlet.java:45)
	at com.ad.web.controller.AddPostServlet.doPost(AddPostServlet.java:199)
	at javax.servlet.http.HttpServlet.service(HttpServlet.java:648)
	at javax.servlet.http.HttpServlet.service(HttpServlet.java:729)
	at org.apache.catalina.core.ApplicationFilterChain.internalDoFilter(ApplicationFilterChain.java:292)
	at org.apache.catalina.core.ApplicationFilterChain.doFilter(ApplicationFilterChain.java:207)
	at org.apache.tomcat.websocket.server.WsFilter.doFilter(WsFilter.java:52)
	at org.apache.catalina.core.ApplicationFilterChain.internalDoFilter(ApplicationFilterChain.java:240)
	at org.apache.catalina.core.ApplicationFilterChain.doFilter(ApplicationFilterChain.java:207)
	at com.ad.filter.SetAllCharacterEncodingFilter.doFilter(SetAllCharacterEncodingFilter.java:44)
	at org.apache.catalina.core.ApplicationFilterChain.internalDoFilter(ApplicationFilterChain.java:240)
	at org.apache.catalina.core.ApplicationFilterChain.doFilter(ApplicationFilterChain.java:207)
	at org.apache.catalina.core.StandardWrapperValve.invoke(StandardWrapperValve.java:212)
	at org.apache.catalina.core.StandardContextValve.invoke(StandardContextValve.java:106)
	at org.apache.catalina.authenticator.AuthenticatorBase.invoke(AuthenticatorBase.java:502)
	at org.apache.catalina.core.StandardHostValve.invoke(StandardHostValve.java:141)
	at org.apache.catalina.valves.ErrorReportValve.invoke(ErrorReportValve.java:79)
	at org.apache.catalina.valves.AbstractAccessLogValve.invoke(AbstractAccessLogValve.java:616)
	at org.apache.catalina.core.StandardEngineValve.invoke(StandardEngineValve.java:88)
	at org.apache.catalina.connector.CoyoteAdapter.service(CoyoteAdapter.java:528)
	at org.apache.coyote.http11.AbstractHttp11Processor.process(AbstractHttp11Processor.java:1099)
	at org.apache.coyote.AbstractProtocol$AbstractConnectionHandler.process(AbstractProtocol.java:672)
	at org.apache.tomcat.util.net.AprEndpoint$SocketProcessor.doRun(AprEndpoint.java:2508)
	at org.apache.tomcat.util.net.AprEndpoint$SocketProcessor.run(AprEndpoint.java:2497)
	at java.util.concurrent.ThreadPoolExecutor.runWorker(ThreadPoolExecutor.java:1142)
	at java.util.concurrent.ThreadPoolExecutor$Worker.run(ThreadPoolExecutor.java:617)
	at org.apache.tomcat.util.threads.TaskThread$WrappingRunnable.run(TaskThread.java:61)
	at java.lang.Thread.run(Thread.java:745)
Caused by: java.sql.SQLException: Column 'post_title' cannot be null Query: insert into post(post_title,post_text,post_kind,post_date,comment_num,owner_id,img_url) values(?,?,?,?,?,?,?) Parameters: [null, null, null, Tue Jul 12 16:21:34 CST 2016, 0, null, ]
	at org.apache.commons.dbutils.AbstractQueryRunner.rethrow(AbstractQueryRunner.java:320)
	at org.apache.commons.dbutils.QueryRunner.update(QueryRunner.java:489)
	at org.apache.commons.dbutils.QueryRunner.update(QueryRunner.java:455)
	at com.ad.dao.impl.PostDaoImpl.save(PostDaoImpl.java:78)
	... 30 more

12-Jul-2016 16:38:28.424 SEVERE [http-apr-8080-exec-1] org.apache.catalina.core.StandardWrapperValve.invoke Servlet.service() for servlet [com.ad.web.controller.AddPostServlet] in context with path [/ADNursingServer] threw exception
 java.lang.RuntimeException: java.sql.SQLException: Column 'owner_id' cannot be null Query: insert into post(post_title,post_text,post_kind,post_date,comment_num,owner_id,img_url) values(?,?,?,?,?,?,?) Parameters: [android?????????? ????session, Tomcat? Session????????????Cookie?URL??????????????Cookie??????Cookie?????URL???????Cookie?????????URL???jsp?????Session??????????????? response.encodeURL()?, ????, Tue Jul 12 16:38:28 CST 2016, 0, null, ]
	at com.ad.dao.impl.PostDaoImpl.save(PostDaoImpl.java:85)
	at com.ad.service.impl.BussinessServiceImpl.addPost(BussinessServiceImpl.java:189)
	at com.ad.web.controller.AddPostServlet.addPost(AddPostServlet.java:182)
	at com.ad.web.controller.AddPostServlet.doGet(AddPostServlet.java:45)
	at com.ad.web.controller.AddPostServlet.doPost(AddPostServlet.java:199)
	at javax.servlet.http.HttpServlet.service(HttpServlet.java:648)
	at javax.servlet.http.HttpServlet.service(HttpServlet.java:729)
	at org.apache.catalina.core.ApplicationFilterChain.internalDoFilter(ApplicationFilterChain.java:292)
	at org.apache.catalina.core.ApplicationFilterChain.doFilter(ApplicationFilterChain.java:207)
	at org.apache.tomcat.websocket.server.WsFilter.doFilter(WsFilter.java:52)
	at org.apache.catalina.core.ApplicationFilterChain.internalDoFilter(ApplicationFilterChain.java:240)
	at org.apache.catalina.core.ApplicationFilterChain.doFilter(ApplicationFilterChain.java:207)
	at com.ad.filter.SetAllCharacterEncodingFilter.doFilter(SetAllCharacterEncodingFilter.java:44)
	at org.apache.catalina.core.ApplicationFilterChain.internalDoFilter(ApplicationFilterChain.java:240)
	at org.apache.catalina.core.ApplicationFilterChain.doFilter(ApplicationFilterChain.java:207)
	at org.apache.catalina.core.StandardWrapperValve.invoke(StandardWrapperValve.java:212)
	at org.apache.catalina.core.StandardContextValve.invoke(StandardContextValve.java:106)
	at org.apache.catalina.authenticator.AuthenticatorBase.invoke(AuthenticatorBase.java:502)
	at org.apache.catalina.core.StandardHostValve.invoke(StandardHostValve.java:141)
	at org.apache.catalina.valves.ErrorReportValve.invoke(ErrorReportValve.java:79)
	at org.apache.catalina.valves.AbstractAccessLogValve.invoke(AbstractAccessLogValve.java:616)
	at org.apache.catalina.core.StandardEngineValve.invoke(StandardEngineValve.java:88)
	at org.apache.catalina.connector.CoyoteAdapter.service(CoyoteAdapter.java:528)
	at org.apache.coyote.http11.AbstractHttp11Processor.process(AbstractHttp11Processor.java:1099)
	at org.apache.coyote.AbstractProtocol$AbstractConnectionHandler.process(AbstractProtocol.java:672)
	at org.apache.tomcat.util.net.AprEndpoint$SocketProcessor.doRun(AprEndpoint.java:2508)
	at org.apache.tomcat.util.net.AprEndpoint$SocketProcessor.run(AprEndpoint.java:2497)
	at java.util.concurrent.ThreadPoolExecutor.runWorker(ThreadPoolExecutor.java:1142)
	at java.util.concurrent.ThreadPoolExecutor$Worker.run(ThreadPoolExecutor.java:617)
	at org.apache.tomcat.util.threads.TaskThread$WrappingRunnable.run(TaskThread.java:61)
	at java.lang.Thread.run(Thread.java:745)
Caused by: java.sql.SQLException: Column 'owner_id' cannot be null Query: insert into post(post_title,post_text,post_kind,post_date,comment_num,owner_id,img_url) values(?,?,?,?,?,?,?) Parameters: [android?????????? ????session, Tomcat? Session????????????Cookie?URL??????????????Cookie??????Cookie?????URL???????Cookie?????????URL???jsp?????Session??????????????? response.encodeURL()?, ????, Tue Jul 12 16:38:28 CST 2016, 0, null, ]
	at org.apache.commons.dbutils.AbstractQueryRunner.rethrow(AbstractQueryRunner.java:320)
	at org.apache.commons.dbutils.QueryRunner.update(QueryRunner.java:489)
	at org.apache.commons.dbutils.QueryRunner.update(QueryRunner.java:455)
	at com.ad.dao.impl.PostDaoImpl.save(PostDaoImpl.java:78)
	... 30 more

12-Jul-2016 16:40:47.022 INFO [localhost-startStop-1] org.apache.catalina.core.ApplicationContext.log ContextListener: contextInitialized()
12-Jul-2016 16:40:47.022 INFO [localhost-startStop-1] org.apache.catalina.core.ApplicationContext.log SessionListener: contextInitialized()
12-Jul-2016 16:41:05.879 SEVERE [http-apr-8080-exec-6] org.apache.catalina.core.StandardWrapperValve.invoke Servlet.service() for servlet [com.ad.web.controller.AddPostServlet] in context with path [/ADNursingServer] threw exception
 java.lang.RuntimeException: java.sql.SQLException: Column 'owner_id' cannot be null Query: insert into post(post_title,post_text,post_kind,post_date,comment_num,owner_id,img_url) values(?,?,?,?,?,?,?) Parameters: [android?????????? ????session, Tomcat? Session????????????Cookie?URL??????????????Cookie??????Cookie?????URL???????Cookie?????????URL???jsp?????Session??????????????? response.encodeURL()?, ????, Tue Jul 12 16:41:05 CST 2016, 0, null, ]
	at com.ad.dao.impl.PostDaoImpl.save(PostDaoImpl.java:85)
	at com.ad.service.impl.BussinessServiceImpl.addPost(BussinessServiceImpl.java:189)
	at com.ad.web.controller.AddPostServlet.addPost(AddPostServlet.java:182)
	at com.ad.web.controller.AddPostServlet.doGet(AddPostServlet.java:45)
	at com.ad.web.controller.AddPostServlet.doPost(AddPostServlet.java:199)
	at javax.servlet.http.HttpServlet.service(HttpServlet.java:648)
	at javax.servlet.http.HttpServlet.service(HttpServlet.java:729)
	at org.apache.catalina.core.ApplicationFilterChain.internalDoFilter(ApplicationFilterChain.java:292)
	at org.apache.catalina.core.ApplicationFilterChain.doFilter(ApplicationFilterChain.java:207)
	at org.apache.tomcat.websocket.server.WsFilter.doFilter(WsFilter.java:52)
	at org.apache.catalina.core.ApplicationFilterChain.internalDoFilter(ApplicationFilterChain.java:240)
	at org.apache.catalina.core.ApplicationFilterChain.doFilter(ApplicationFilterChain.java:207)
	at com.ad.filter.SetAllCharacterEncodingFilter.doFilter(SetAllCharacterEncodingFilter.java:44)
	at org.apache.catalina.core.ApplicationFilterChain.internalDoFilter(ApplicationFilterChain.java:240)
	at org.apache.catalina.core.ApplicationFilterChain.doFilter(ApplicationFilterChain.java:207)
	at org.apache.catalina.core.StandardWrapperValve.invoke(StandardWrapperValve.java:212)
	at org.apache.catalina.core.StandardContextValve.invoke(StandardContextValve.java:106)
	at org.apache.catalina.authenticator.AuthenticatorBase.invoke(AuthenticatorBase.java:502)
	at org.apache.catalina.core.StandardHostValve.invoke(StandardHostValve.java:141)
	at org.apache.catalina.valves.ErrorReportValve.invoke(ErrorReportValve.java:79)
	at org.apache.catalina.valves.AbstractAccessLogValve.invoke(AbstractAccessLogValve.java:616)
	at org.apache.catalina.core.StandardEngineValve.invoke(StandardEngineValve.java:88)
	at org.apache.catalina.connector.CoyoteAdapter.service(CoyoteAdapter.java:528)
	at org.apache.coyote.http11.AbstractHttp11Processor.process(AbstractHttp11Processor.java:1099)
	at org.apache.coyote.AbstractProtocol$AbstractConnectionHandler.process(AbstractProtocol.java:672)
	at org.apache.tomcat.util.net.AprEndpoint$SocketProcessor.doRun(AprEndpoint.java:2508)
	at org.apache.tomcat.util.net.AprEndpoint$SocketProcessor.run(AprEndpoint.java:2497)
	at java.util.concurrent.ThreadPoolExecutor.runWorker(ThreadPoolExecutor.java:1142)
	at java.util.concurrent.ThreadPoolExecutor$Worker.run(ThreadPoolExecutor.java:617)
	at org.apache.tomcat.util.threads.TaskThread$WrappingRunnable.run(TaskThread.java:61)
	at java.lang.Thread.run(Thread.java:745)
Caused by: java.sql.SQLException: Column 'owner_id' cannot be null Query: insert into post(post_title,post_text,post_kind,post_date,comment_num,owner_id,img_url) values(?,?,?,?,?,?,?) Parameters: [android?????????? ????session, Tomcat? Session????????????Cookie?URL??????????????Cookie??????Cookie?????URL???????Cookie?????????URL???jsp?????Session??????????????? response.encodeURL()?, ????, Tue Jul 12 16:41:05 CST 2016, 0, null, ]
	at org.apache.commons.dbutils.AbstractQueryRunner.rethrow(AbstractQueryRunner.java:320)
	at org.apache.commons.dbutils.QueryRunner.update(QueryRunner.java:489)
	at org.apache.commons.dbutils.QueryRunner.update(QueryRunner.java:455)
	at com.ad.dao.impl.PostDaoImpl.save(PostDaoImpl.java:78)
	... 30 more

12-Jul-2016 16:42:28.561 SEVERE [http-apr-8080-exec-8] org.apache.catalina.core.StandardWrapperValve.invoke Servlet.service() for servlet [com.ad.web.controller.AddPostServlet] in context with path [/ADNursingServer] threw exception
 java.lang.RuntimeException: java.sql.SQLException: Column 'owner_id' cannot be null Query: insert into post(post_title,post_text,post_kind,post_date,comment_num,owner_id,img_url) values(?,?,?,?,?,?,?) Parameters: [android?????????? ????session, Tomcat? Session????????????Cookie?URL??????????????Cookie??????Cookie?????URL???????Cookie?????????URL???jsp?????Session??????????????? response.encodeURL()?, ????, Tue Jul 12 16:42:28 CST 2016, 0, null, ]
	at com.ad.dao.impl.PostDaoImpl.save(PostDaoImpl.java:85)
	at com.ad.service.impl.BussinessServiceImpl.addPost(BussinessServiceImpl.java:189)
	at com.ad.web.controller.AddPostServlet.addPost(AddPostServlet.java:182)
	at com.ad.web.controller.AddPostServlet.doGet(AddPostServlet.java:45)
	at com.ad.web.controller.AddPostServlet.doPost(AddPostServlet.java:199)
	at javax.servlet.http.HttpServlet.service(HttpServlet.java:648)
	at javax.servlet.http.HttpServlet.service(HttpServlet.java:729)
	at org.apache.catalina.core.ApplicationFilterChain.internalDoFilter(ApplicationFilterChain.java:292)
	at org.apache.catalina.core.ApplicationFilterChain.doFilter(ApplicationFilterChain.java:207)
	at org.apache.tomcat.websocket.server.WsFilter.doFilter(WsFilter.java:52)
	at org.apache.catalina.core.ApplicationFilterChain.internalDoFilter(ApplicationFilterChain.java:240)
	at org.apache.catalina.core.ApplicationFilterChain.doFilter(ApplicationFilterChain.java:207)
	at com.ad.filter.SetAllCharacterEncodingFilter.doFilter(SetAllCharacterEncodingFilter.java:44)
	at org.apache.catalina.core.ApplicationFilterChain.internalDoFilter(ApplicationFilterChain.java:240)
	at org.apache.catalina.core.ApplicationFilterChain.doFilter(ApplicationFilterChain.java:207)
	at org.apache.catalina.core.StandardWrapperValve.invoke(StandardWrapperValve.java:212)
	at org.apache.catalina.core.StandardContextValve.invoke(StandardContextValve.java:106)
	at org.apache.catalina.authenticator.AuthenticatorBase.invoke(AuthenticatorBase.java:502)
	at org.apache.catalina.core.StandardHostValve.invoke(StandardHostValve.java:141)
	at org.apache.catalina.valves.ErrorReportValve.invoke(ErrorReportValve.java:79)
	at org.apache.catalina.valves.AbstractAccessLogValve.invoke(AbstractAccessLogValve.java:616)
	at org.apache.catalina.core.StandardEngineValve.invoke(StandardEngineValve.java:88)
	at org.apache.catalina.connector.CoyoteAdapter.service(CoyoteAdapter.java:528)
	at org.apache.coyote.http11.AbstractHttp11Processor.process(AbstractHttp11Processor.java:1099)
	at org.apache.coyote.AbstractProtocol$AbstractConnectionHandler.process(AbstractProtocol.java:672)
	at org.apache.tomcat.util.net.AprEndpoint$SocketProcessor.doRun(AprEndpoint.java:2508)
	at org.apache.tomcat.util.net.AprEndpoint$SocketProcessor.run(AprEndpoint.java:2497)
	at java.util.concurrent.ThreadPoolExecutor.runWorker(ThreadPoolExecutor.java:1142)
	at java.util.concurrent.ThreadPoolExecutor$Worker.run(ThreadPoolExecutor.java:617)
	at org.apache.tomcat.util.threads.TaskThread$WrappingRunnable.run(TaskThread.java:61)
	at java.lang.Thread.run(Thread.java:745)
Caused by: java.sql.SQLException: Column 'owner_id' cannot be null Query: insert into post(post_title,post_text,post_kind,post_date,comment_num,owner_id,img_url) values(?,?,?,?,?,?,?) Parameters: [android?????????? ????session, Tomcat? Session????????????Cookie?URL??????????????Cookie??????Cookie?????URL???????Cookie?????????URL???jsp?????Session??????????????? response.encodeURL()?, ????, Tue Jul 12 16:42:28 CST 2016, 0, null, ]
	at org.apache.commons.dbutils.AbstractQueryRunner.rethrow(AbstractQueryRunner.java:320)
	at org.apache.commons.dbutils.QueryRunner.update(QueryRunner.java:489)
	at org.apache.commons.dbutils.QueryRunner.update(QueryRunner.java:455)
	at com.ad.dao.impl.PostDaoImpl.save(PostDaoImpl.java:78)
	... 30 more

12-Jul-2016 16:47:33.693 INFO [localhost-startStop-1] org.apache.catalina.core.ApplicationContext.log ContextListener: contextInitialized()
12-Jul-2016 16:47:33.693 INFO [localhost-startStop-1] org.apache.catalina.core.ApplicationContext.log SessionListener: contextInitialized()
12-Jul-2016 16:47:45.673 SEVERE [http-apr-8080-exec-6] org.apache.catalina.core.StandardWrapperValve.invoke Servlet.service() for servlet [com.ad.web.controller.AddPostServlet] in context with path [/ADNursingServer] threw exception
 java.lang.RuntimeException: java.sql.SQLException: Cannot add or update a child row: a foreign key constraint fails (`adnursing`.`post`, CONSTRAINT `post_ibfk_1` FOREIGN KEY (`owner_id`) REFERENCES `user` (`user_id`)) Query: insert into post(post_title,post_text,post_kind,post_date,comment_num,owner_id,img_url) values(?,?,?,?,?,?,?) Parameters: [1234567, 7654321, 0000, Tue Jul 12 16:47:45 CST 2016, 0, -1, ]
	at com.ad.dao.impl.PostDaoImpl.save(PostDaoImpl.java:85)
	at com.ad.service.impl.BussinessServiceImpl.addPost(BussinessServiceImpl.java:189)
	at com.ad.web.controller.AddPostServlet.addPost(AddPostServlet.java:183)
	at com.ad.web.controller.AddPostServlet.doGet(AddPostServlet.java:45)
	at com.ad.web.controller.AddPostServlet.doPost(AddPostServlet.java:200)
	at javax.servlet.http.HttpServlet.service(HttpServlet.java:648)
	at javax.servlet.http.HttpServlet.service(HttpServlet.java:729)
	at org.apache.catalina.core.ApplicationFilterChain.internalDoFilter(ApplicationFilterChain.java:292)
	at org.apache.catalina.core.ApplicationFilterChain.doFilter(ApplicationFilterChain.java:207)
	at org.apache.tomcat.websocket.server.WsFilter.doFilter(WsFilter.java:52)
	at org.apache.catalina.core.ApplicationFilterChain.internalDoFilter(ApplicationFilterChain.java:240)
	at org.apache.catalina.core.ApplicationFilterChain.doFilter(ApplicationFilterChain.java:207)
	at com.ad.filter.SetAllCharacterEncodingFilter.doFilter(SetAllCharacterEncodingFilter.java:44)
	at org.apache.catalina.core.ApplicationFilterChain.internalDoFilter(ApplicationFilterChain.java:240)
	at org.apache.catalina.core.ApplicationFilterChain.doFilter(ApplicationFilterChain.java:207)
	at org.apache.catalina.core.StandardWrapperValve.invoke(StandardWrapperValve.java:212)
	at org.apache.catalina.core.StandardContextValve.invoke(StandardContextValve.java:106)
	at org.apache.catalina.authenticator.AuthenticatorBase.invoke(AuthenticatorBase.java:502)
	at org.apache.catalina.core.StandardHostValve.invoke(StandardHostValve.java:141)
	at org.apache.catalina.valves.ErrorReportValve.invoke(ErrorReportValve.java:79)
	at org.apache.catalina.valves.AbstractAccessLogValve.invoke(AbstractAccessLogValve.java:616)
	at org.apache.catalina.core.StandardEngineValve.invoke(StandardEngineValve.java:88)
	at org.apache.catalina.connector.CoyoteAdapter.service(CoyoteAdapter.java:528)
	at org.apache.coyote.http11.AbstractHttp11Processor.process(AbstractHttp11Processor.java:1099)
	at org.apache.coyote.AbstractProtocol$AbstractConnectionHandler.process(AbstractProtocol.java:672)
	at org.apache.tomcat.util.net.AprEndpoint$SocketProcessor.doRun(AprEndpoint.java:2508)
	at org.apache.tomcat.util.net.AprEndpoint$SocketProcessor.run(AprEndpoint.java:2497)
	at java.util.concurrent.ThreadPoolExecutor.runWorker(ThreadPoolExecutor.java:1142)
	at java.util.concurrent.ThreadPoolExecutor$Worker.run(ThreadPoolExecutor.java:617)
	at org.apache.tomcat.util.threads.TaskThread$WrappingRunnable.run(TaskThread.java:61)
	at java.lang.Thread.run(Thread.java:745)
Caused by: java.sql.SQLException: Cannot add or update a child row: a foreign key constraint fails (`adnursing`.`post`, CONSTRAINT `post_ibfk_1` FOREIGN KEY (`owner_id`) REFERENCES `user` (`user_id`)) Query: insert into post(post_title,post_text,post_kind,post_date,comment_num,owner_id,img_url) values(?,?,?,?,?,?,?) Parameters: [1234567, 7654321, 0000, Tue Jul 12 16:47:45 CST 2016, 0, -1, ]
	at org.apache.commons.dbutils.AbstractQueryRunner.rethrow(AbstractQueryRunner.java:320)
	at org.apache.commons.dbutils.QueryRunner.update(QueryRunner.java:489)
	at org.apache.commons.dbutils.QueryRunner.update(QueryRunner.java:455)
	at com.ad.dao.impl.PostDaoImpl.save(PostDaoImpl.java:78)
	... 30 more

12-Jul-2016 16:49:40.753 SEVERE [http-apr-8080-exec-8] org.apache.catalina.core.StandardWrapperValve.invoke Servlet.service() for servlet [com.ad.web.controller.AddPostServlet] in context with path [/ADNursingServer] threw exception
 java.lang.RuntimeException: java.sql.SQLException: Cannot add or update a child row: a foreign key constraint fails (`adnursing`.`post`, CONSTRAINT `post_ibfk_1` FOREIGN KEY (`owner_id`) REFERENCES `user` (`user_id`)) Query: insert into post(post_title,post_text,post_kind,post_date,comment_num,owner_id,img_url) values(?,?,?,?,?,?,?) Parameters: [1234567, 7654321, 0000, Tue Jul 12 16:49:40 CST 2016, 0, -1, ]
	at com.ad.dao.impl.PostDaoImpl.save(PostDaoImpl.java:85)
	at com.ad.service.impl.BussinessServiceImpl.addPost(BussinessServiceImpl.java:189)
	at com.ad.web.controller.AddPostServlet.addPost(AddPostServlet.java:183)
	at com.ad.web.controller.AddPostServlet.doGet(AddPostServlet.java:45)
	at com.ad.web.controller.AddPostServlet.doPost(AddPostServlet.java:200)
	at javax.servlet.http.HttpServlet.service(HttpServlet.java:648)
	at javax.servlet.http.HttpServlet.service(HttpServlet.java:729)
	at org.apache.catalina.core.ApplicationFilterChain.internalDoFilter(ApplicationFilterChain.java:292)
	at org.apache.catalina.core.ApplicationFilterChain.doFilter(ApplicationFilterChain.java:207)
	at org.apache.tomcat.websocket.server.WsFilter.doFilter(WsFilter.java:52)
	at org.apache.catalina.core.ApplicationFilterChain.internalDoFilter(ApplicationFilterChain.java:240)
	at org.apache.catalina.core.ApplicationFilterChain.doFilter(ApplicationFilterChain.java:207)
	at com.ad.filter.SetAllCharacterEncodingFilter.doFilter(SetAllCharacterEncodingFilter.java:44)
	at org.apache.catalina.core.ApplicationFilterChain.internalDoFilter(ApplicationFilterChain.java:240)
	at org.apache.catalina.core.ApplicationFilterChain.doFilter(ApplicationFilterChain.java:207)
	at org.apache.catalina.core.StandardWrapperValve.invoke(StandardWrapperValve.java:212)
	at org.apache.catalina.core.StandardContextValve.invoke(StandardContextValve.java:106)
	at org.apache.catalina.authenticator.AuthenticatorBase.invoke(AuthenticatorBase.java:502)
	at org.apache.catalina.core.StandardHostValve.invoke(StandardHostValve.java:141)
	at org.apache.catalina.valves.ErrorReportValve.invoke(ErrorReportValve.java:79)
	at org.apache.catalina.valves.AbstractAccessLogValve.invoke(AbstractAccessLogValve.java:616)
	at org.apache.catalina.core.StandardEngineValve.invoke(StandardEngineValve.java:88)
	at org.apache.catalina.connector.CoyoteAdapter.service(CoyoteAdapter.java:528)
	at org.apache.coyote.http11.AbstractHttp11Processor.process(AbstractHttp11Processor.java:1099)
	at org.apache.coyote.AbstractProtocol$AbstractConnectionHandler.process(AbstractProtocol.java:672)
	at org.apache.tomcat.util.net.AprEndpoint$SocketProcessor.doRun(AprEndpoint.java:2508)
	at org.apache.tomcat.util.net.AprEndpoint$SocketProcessor.run(AprEndpoint.java:2497)
	at java.util.concurrent.ThreadPoolExecutor.runWorker(ThreadPoolExecutor.java:1142)
	at java.util.concurrent.ThreadPoolExecutor$Worker.run(ThreadPoolExecutor.java:617)
	at org.apache.tomcat.util.threads.TaskThread$WrappingRunnable.run(TaskThread.java:61)
	at java.lang.Thread.run(Thread.java:745)
Caused by: java.sql.SQLException: Cannot add or update a child row: a foreign key constraint fails (`adnursing`.`post`, CONSTRAINT `post_ibfk_1` FOREIGN KEY (`owner_id`) REFERENCES `user` (`user_id`)) Query: insert into post(post_title,post_text,post_kind,post_date,comment_num,owner_id,img_url) values(?,?,?,?,?,?,?) Parameters: [1234567, 7654321, 0000, Tue Jul 12 16:49:40 CST 2016, 0, -1, ]
	at org.apache.commons.dbutils.AbstractQueryRunner.rethrow(AbstractQueryRunner.java:320)
	at org.apache.commons.dbutils.QueryRunner.update(QueryRunner.java:489)
	at org.apache.commons.dbutils.QueryRunner.update(QueryRunner.java:455)
	at com.ad.dao.impl.PostDaoImpl.save(PostDaoImpl.java:78)
	... 30 more

12-Jul-2016 21:20:55.152 INFO [localhost-startStop-1] org.apache.catalina.core.ApplicationContext.log ContextListener: contextInitialized()
12-Jul-2016 21:20:55.152 INFO [localhost-startStop-1] org.apache.catalina.core.ApplicationContext.log SessionListener: contextInitialized()
12-Jul-2016 21:48:41.536 INFO [localhost-startStop-1] org.apache.catalina.core.ApplicationContext.log ContextListener: contextInitialized()
12-Jul-2016 21:48:41.536 INFO [localhost-startStop-1] org.apache.catalina.core.ApplicationContext.log SessionListener: contextInitialized()
12-Jul-2016 21:52:09.028 INFO [localhost-startStop-1] org.apache.catalina.core.ApplicationContext.log ContextListener: contextInitialized()
12-Jul-2016 21:52:09.028 INFO [localhost-startStop-1] org.apache.catalina.core.ApplicationContext.log SessionListener: contextInitialized()
12-Jul-2016 22:14:23.423 INFO [localhost-startStop-1] org.apache.catalina.core.ApplicationContext.log ContextListener: contextInitialized()
12-Jul-2016 22:14:23.423 INFO [localhost-startStop-1] org.apache.catalina.core.ApplicationContext.log SessionListener: contextInitialized()
12-Jul-2016 22:26:37.187 INFO [localhost-startStop-1] org.apache.catalina.core.ApplicationContext.log ContextListener: contextInitialized()
12-Jul-2016 22:26:37.187 INFO [localhost-startStop-1] org.apache.catalina.core.ApplicationContext.log SessionListener: contextInitialized()
